<?xml version="1.0" encoding="utf-8"?><testsuite errors="0" failures="16" name="pytest" skips="0" tests="183" time="2.361"><testcase classname="test_submit" file="test_submit.py" line="8" name="test_826" time="0.0020020008087158203"></testcase><testcase classname="test_submit" file="test_submit.py" line="12" name="test_1376" time="0.0"></testcase><testcase classname="test_submit" file="test_submit.py" line="16" name="test_1565" time="0.0009970664978027344"></testcase><testcase classname="test_submit" file="test_submit.py" line="24" name="test_2725" time="0.0"></testcase><testcase classname="test_submit" file="test_submit.py" line="28" name="test_2655" time="0.002000570297241211"></testcase><testcase classname="test_submit" file="test_submit.py" line="32" name="test_2500" time="0.0009970664978027344"></testcase><testcase classname="test_submit" file="test_submit.py" line="40" name="test_1763" time="0.000997781753540039"></testcase><testcase classname="test_submit" file="test_submit.py" line="44" name="test_168" time="0.0"></testcase><testcase classname="test_submit" file="test_submit.py" line="56" name="test_1304" time="0.0"></testcase><testcase classname="test_submit" file="test_submit.py" line="60" name="test_2600" time="0.0019991397857666016"></testcase><testcase classname="test_submit" file="test_submit.py" line="64" name="test_296" time="0.0009989738464355469"></testcase><testcase classname="test_submit" file="test_submit.py" line="68" name="test_1466" time="0.0"></testcase><testcase classname="test_submit" file="test_submit.py" line="72" name="test_1076" time="0.003002166748046875"></testcase><testcase classname="test_submit" file="test_submit.py" line="76" name="test_1271" time="0.0009992122650146484"></testcase><testcase classname="test_submit" file="test_submit.py" line="96" name="test_2785" time="0.0"></testcase><testcase classname="test_submit" file="test_submit.py" line="104" name="test_2895" time="0.0010006427764892578"></testcase><testcase classname="test_submit" file="test_submit.py" line="108" name="test_1394" time="0.001998424530029297"></testcase><testcase classname="test_submit" file="test_submit.py" line="112" name="test_2465" time="0.0019958019256591797"></testcase><testcase classname="test_submit" file="test_submit.py" line="120" name="test_2730" time="0.0009989738464355469"></testcase><testcase classname="test_submit" file="test_submit.py" line="124" name="test_2620" time="0.001999378204345703"></testcase><testcase classname="test_submit" file="test_submit.py" line="128" name="test_2340" time="0.001998424530029297"></testcase><testcase classname="test_submit" file="test_submit.py" line="140" name="test_252" time="0.00099945068359375"></testcase><testcase classname="test_submit" file="test_submit.py" line="144" name="test_1085" time="0.0009984970092773438"></testcase><testcase classname="test_submit" file="test_submit.py" line="152" name="test_1781" time="0.0020003318786621094"></testcase><testcase classname="test_submit" file="test_submit.py" line="160" name="test_2160" time="0.0009996891021728516"></testcase><testcase classname="test_submit" file="test_submit.py" line="168" name="test_2210" time="0.0010001659393310547"></testcase><testcase classname="test_submit" file="test_submit.py" line="172" name="test_2590" time="0.008993148803710938"><failure message="assert None
 +  where None = &lt;built-in method get of dict object at 0x038CA9B0&gt;(&apos;shelved&apos;)
 +    where &lt;built-in method get of dict object at 0x038CA9B0&gt; = {&apos;agent_id&apos;: {&apos;type&apos;: &apos;integer&apos;}, &apos;date&apos;: {&apos;type&apos;: &apos;datetime-only&apos;}, &apos;level&apos;: {&apos;maxLength&apos;: 20, &apos;type&apos;: &apos;string&apos;}, &apos;payload&apos;: {&apos;type&apos;: &apos;string&apos;}, ...}.get
 +      where {&apos;agent_id&apos;: {&apos;type&apos;: &apos;integer&apos;}, &apos;date&apos;: {&apos;type&apos;: &apos;datetime-only&apos;}, &apos;level&apos;: {&apos;maxLength&apos;: 20, &apos;type&apos;: &apos;string&apos;}, &apos;payload&apos;: {&apos;type&apos;: &apos;string&apos;}, ...} = &lt;built-in method get of dict object at 0x038CA4B0&gt;(&apos;properties&apos;)
 +        where &lt;built-in method get of dict object at 0x038CA4B0&gt; = {&apos;discriminator&apos;: &apos;event_id&apos;, &apos;example&apos;: {&apos;agent_id&apos;: 3, &apos;date&apos;: datetime.datetime(2020, 7, 1, 10, 10, 10), &apos;event_id&apos;... &apos;datetime-only&apos;}, &apos;level&apos;: {&apos;maxLength&apos;: 20, &apos;type&apos;: &apos;string&apos;}, &apos;payload&apos;: {&apos;type&apos;: &apos;string&apos;}, ...}, &apos;type&apos;: &apos;object&apos;}.get
 +          where {&apos;discriminator&apos;: &apos;event_id&apos;, &apos;example&apos;: {&apos;agent_id&apos;: 3, &apos;date&apos;: datetime.datetime(2020, 7, 1, 10, 10, 10), &apos;event_id&apos;... &apos;datetime-only&apos;}, &apos;level&apos;: {&apos;maxLength&apos;: 20, &apos;type&apos;: &apos;string&apos;}, &apos;payload&apos;: {&apos;type&apos;: &apos;string&apos;}, ...}, &apos;type&apos;: &apos;object&apos;} = &lt;built-in method get of dict object at 0x039729B0&gt;(&apos;Event&apos;)
 +            where &lt;built-in method get of dict object at 0x039729B0&gt; = {&apos;Agent&apos;: {&apos;discriminator&apos;: &apos;agent_id&apos;, &apos;example&apos;: {&apos;address&apos;: &apos;11.11.11.11&apos;, &apos;agent_id&apos;: 1, &apos;environment&apos;: &apos;Teste&apos;, &apos;..., &apos;example&apos;: {&apos;group_id&apos;: 5, &apos;name&apos;: &apos;GrupoTeste&apos;}, &apos;properties&apos;: {&apos;name&apos;: {&apos;type&apos;: &apos;string&apos;}}, &apos;type&apos;: &apos;object&apos;}, ...}.get
 +              where {&apos;Agent&apos;: {&apos;discriminator&apos;: &apos;agent_id&apos;, &apos;example&apos;: {&apos;address&apos;: &apos;11.11.11.11&apos;, &apos;agent_id&apos;: 1, &apos;environment&apos;: &apos;Teste&apos;, &apos;..., &apos;example&apos;: {&apos;group_id&apos;: 5, &apos;name&apos;: &apos;GrupoTeste&apos;}, &apos;properties&apos;: {&apos;name&apos;: {&apos;type&apos;: &apos;string&apos;}}, &apos;type&apos;: &apos;object&apos;}, ...} = &lt;built-in method get of dict object at 0x03972C80&gt;(&apos;types&apos;)
 +                where &lt;built-in method get of dict object at 0x03972C80&gt; = {&apos;/agents&apos;: {&apos;/{id}&apos;: {&apos;delete&apos;: {&apos;description&apos;: &apos;Exclui um agent por ID&apos;, &apos;responses&apos;: {200: {&apos;body&apos;: {...}}, 401: {&apos;...orization Required&quot;}\n&apos;}}, 404: {&apos;body&apos;: {&apos;application/json&apos;: &apos;{&quot;error&quot;: &quot;Not Found&quot;}\n&apos;}}}, &apos;securedBy&apos;: &apos;JWT&apos;}}, ...}.get">E   assert None
     +  where None = &lt;built-in method get of dict object at 0x038CA9B0&gt;(&apos;shelved&apos;)
     +    where &lt;built-in method get of dict object at 0x038CA9B0&gt; = {&apos;agent_id&apos;: {&apos;type&apos;: &apos;integer&apos;}, &apos;date&apos;: {&apos;type&apos;: &apos;datetime-only&apos;}, &apos;level&apos;: {&apos;maxLength&apos;: 20, &apos;type&apos;: &apos;string&apos;}, &apos;payload&apos;: {&apos;type&apos;: &apos;string&apos;}, ...}.get
     +      where {&apos;agent_id&apos;: {&apos;type&apos;: &apos;integer&apos;}, &apos;date&apos;: {&apos;type&apos;: &apos;datetime-only&apos;}, &apos;level&apos;: {&apos;maxLength&apos;: 20, &apos;type&apos;: &apos;string&apos;}, &apos;payload&apos;: {&apos;type&apos;: &apos;string&apos;}, ...} = &lt;built-in method get of dict object at 0x038CA4B0&gt;(&apos;properties&apos;)
     +        where &lt;built-in method get of dict object at 0x038CA4B0&gt; = {&apos;discriminator&apos;: &apos;event_id&apos;, &apos;example&apos;: {&apos;agent_id&apos;: 3, &apos;date&apos;: datetime.datetime(2020, 7, 1, 10, 10, 10), &apos;event_id&apos;... &apos;datetime-only&apos;}, &apos;level&apos;: {&apos;maxLength&apos;: 20, &apos;type&apos;: &apos;string&apos;}, &apos;payload&apos;: {&apos;type&apos;: &apos;string&apos;}, ...}, &apos;type&apos;: &apos;object&apos;}.get
     +          where {&apos;discriminator&apos;: &apos;event_id&apos;, &apos;example&apos;: {&apos;agent_id&apos;: 3, &apos;date&apos;: datetime.datetime(2020, 7, 1, 10, 10, 10), &apos;event_id&apos;... &apos;datetime-only&apos;}, &apos;level&apos;: {&apos;maxLength&apos;: 20, &apos;type&apos;: &apos;string&apos;}, &apos;payload&apos;: {&apos;type&apos;: &apos;string&apos;}, ...}, &apos;type&apos;: &apos;object&apos;} = &lt;built-in method get of dict object at 0x039729B0&gt;(&apos;Event&apos;)
     +            where &lt;built-in method get of dict object at 0x039729B0&gt; = {&apos;Agent&apos;: {&apos;discriminator&apos;: &apos;agent_id&apos;, &apos;example&apos;: {&apos;address&apos;: &apos;11.11.11.11&apos;, &apos;agent_id&apos;: 1, &apos;environment&apos;: &apos;Teste&apos;, &apos;..., &apos;example&apos;: {&apos;group_id&apos;: 5, &apos;name&apos;: &apos;GrupoTeste&apos;}, &apos;properties&apos;: {&apos;name&apos;: {&apos;type&apos;: &apos;string&apos;}}, &apos;type&apos;: &apos;object&apos;}, ...}.get
     +              where {&apos;Agent&apos;: {&apos;discriminator&apos;: &apos;agent_id&apos;, &apos;example&apos;: {&apos;address&apos;: &apos;11.11.11.11&apos;, &apos;agent_id&apos;: 1, &apos;environment&apos;: &apos;Teste&apos;, &apos;..., &apos;example&apos;: {&apos;group_id&apos;: 5, &apos;name&apos;: &apos;GrupoTeste&apos;}, &apos;properties&apos;: {&apos;name&apos;: {&apos;type&apos;: &apos;string&apos;}}, &apos;type&apos;: &apos;object&apos;}, ...} = &lt;built-in method get of dict object at 0x03972C80&gt;(&apos;types&apos;)
     +                where &lt;built-in method get of dict object at 0x03972C80&gt; = {&apos;/agents&apos;: {&apos;/{id}&apos;: {&apos;delete&apos;: {&apos;description&apos;: &apos;Exclui um agent por ID&apos;, &apos;responses&apos;: {200: {&apos;body&apos;: {...}}, 401: {&apos;...orization Required&quot;}\n&apos;}}, 404: {&apos;body&apos;: {&apos;application/json&apos;: &apos;{&quot;error&quot;: &quot;Not Found&quot;}\n&apos;}}}, &apos;securedBy&apos;: &apos;JWT&apos;}}, ...}.get</failure></testcase><testcase classname="test_submit" file="test_submit.py" line="184" name="test_2480" time="0.0010001659393310547"></testcase><testcase classname="test_submit" file="test_submit.py" line="188" name="test_2020" time="0.0009996891021728516"></testcase><testcase classname="test_submit" file="test_submit.py" line="192" name="test_2830" time="0.0009996891021728516"></testcase><testcase classname="test_submit" file="test_submit.py" line="196" name="test_2765" time="0.0029976367950439453"><failure message="assert None
 +  where None = &lt;built-in method get of dict object at 0x038CA9D8&gt;(&apos;data&apos;)
 +    where &lt;built-in method get of dict object at 0x038CA9D8&gt; = {&apos;agent_id&apos;: 3, &apos;date&apos;: datetime.datetime(2020, 7, 1, 10, 10, 10), &apos;event_id&apos;: 3, &apos;level&apos;: &apos;Teste&apos;, ...}.get
 +      where {&apos;agent_id&apos;: 3, &apos;date&apos;: datetime.datetime(2020, 7, 1, 10, 10, 10), &apos;event_id&apos;: 3, &apos;level&apos;: &apos;Teste&apos;, ...} = &lt;built-in method get of dict object at 0x038CA4B0&gt;(&apos;example&apos;)
 +        where &lt;built-in method get of dict object at 0x038CA4B0&gt; = {&apos;discriminator&apos;: &apos;event_id&apos;, &apos;example&apos;: {&apos;agent_id&apos;: 3, &apos;date&apos;: datetime.datetime(2020, 7, 1, 10, 10, 10), &apos;event_id&apos;... &apos;datetime-only&apos;}, &apos;level&apos;: {&apos;maxLength&apos;: 20, &apos;type&apos;: &apos;string&apos;}, &apos;payload&apos;: {&apos;type&apos;: &apos;string&apos;}, ...}, &apos;type&apos;: &apos;object&apos;}.get
 +          where {&apos;discriminator&apos;: &apos;event_id&apos;, &apos;example&apos;: {&apos;agent_id&apos;: 3, &apos;date&apos;: datetime.datetime(2020, 7, 1, 10, 10, 10), &apos;event_id&apos;... &apos;datetime-only&apos;}, &apos;level&apos;: {&apos;maxLength&apos;: 20, &apos;type&apos;: &apos;string&apos;}, &apos;payload&apos;: {&apos;type&apos;: &apos;string&apos;}, ...}, &apos;type&apos;: &apos;object&apos;} = &lt;built-in method get of dict object at 0x039729B0&gt;(&apos;Event&apos;)
 +            where &lt;built-in method get of dict object at 0x039729B0&gt; = {&apos;Agent&apos;: {&apos;discriminator&apos;: &apos;agent_id&apos;, &apos;example&apos;: {&apos;address&apos;: &apos;11.11.11.11&apos;, &apos;agent_id&apos;: 1, &apos;environment&apos;: &apos;Teste&apos;, &apos;..., &apos;example&apos;: {&apos;group_id&apos;: 5, &apos;name&apos;: &apos;GrupoTeste&apos;}, &apos;properties&apos;: {&apos;name&apos;: {&apos;type&apos;: &apos;string&apos;}}, &apos;type&apos;: &apos;object&apos;}, ...}.get
 +              where {&apos;Agent&apos;: {&apos;discriminator&apos;: &apos;agent_id&apos;, &apos;example&apos;: {&apos;address&apos;: &apos;11.11.11.11&apos;, &apos;agent_id&apos;: 1, &apos;environment&apos;: &apos;Teste&apos;, &apos;..., &apos;example&apos;: {&apos;group_id&apos;: 5, &apos;name&apos;: &apos;GrupoTeste&apos;}, &apos;properties&apos;: {&apos;name&apos;: {&apos;type&apos;: &apos;string&apos;}}, &apos;type&apos;: &apos;object&apos;}, ...} = &lt;built-in method get of dict object at 0x03972C80&gt;(&apos;types&apos;)
 +                where &lt;built-in method get of dict object at 0x03972C80&gt; = {&apos;/agents&apos;: {&apos;/{id}&apos;: {&apos;delete&apos;: {&apos;description&apos;: &apos;Exclui um agent por ID&apos;, &apos;responses&apos;: {200: {&apos;body&apos;: {...}}, 401: {&apos;...orization Required&quot;}\n&apos;}}, 404: {&apos;body&apos;: {&apos;application/json&apos;: &apos;{&quot;error&quot;: &quot;Not Found&quot;}\n&apos;}}}, &apos;securedBy&apos;: &apos;JWT&apos;}}, ...}.get">E   assert None
     +  where None = &lt;built-in method get of dict object at 0x038CA9D8&gt;(&apos;data&apos;)
     +    where &lt;built-in method get of dict object at 0x038CA9D8&gt; = {&apos;agent_id&apos;: 3, &apos;date&apos;: datetime.datetime(2020, 7, 1, 10, 10, 10), &apos;event_id&apos;: 3, &apos;level&apos;: &apos;Teste&apos;, ...}.get
     +      where {&apos;agent_id&apos;: 3, &apos;date&apos;: datetime.datetime(2020, 7, 1, 10, 10, 10), &apos;event_id&apos;: 3, &apos;level&apos;: &apos;Teste&apos;, ...} = &lt;built-in method get of dict object at 0x038CA4B0&gt;(&apos;example&apos;)
     +        where &lt;built-in method get of dict object at 0x038CA4B0&gt; = {&apos;discriminator&apos;: &apos;event_id&apos;, &apos;example&apos;: {&apos;agent_id&apos;: 3, &apos;date&apos;: datetime.datetime(2020, 7, 1, 10, 10, 10), &apos;event_id&apos;... &apos;datetime-only&apos;}, &apos;level&apos;: {&apos;maxLength&apos;: 20, &apos;type&apos;: &apos;string&apos;}, &apos;payload&apos;: {&apos;type&apos;: &apos;string&apos;}, ...}, &apos;type&apos;: &apos;object&apos;}.get
     +          where {&apos;discriminator&apos;: &apos;event_id&apos;, &apos;example&apos;: {&apos;agent_id&apos;: 3, &apos;date&apos;: datetime.datetime(2020, 7, 1, 10, 10, 10), &apos;event_id&apos;... &apos;datetime-only&apos;}, &apos;level&apos;: {&apos;maxLength&apos;: 20, &apos;type&apos;: &apos;string&apos;}, &apos;payload&apos;: {&apos;type&apos;: &apos;string&apos;}, ...}, &apos;type&apos;: &apos;object&apos;} = &lt;built-in method get of dict object at 0x039729B0&gt;(&apos;Event&apos;)
     +            where &lt;built-in method get of dict object at 0x039729B0&gt; = {&apos;Agent&apos;: {&apos;discriminator&apos;: &apos;agent_id&apos;, &apos;example&apos;: {&apos;address&apos;: &apos;11.11.11.11&apos;, &apos;agent_id&apos;: 1, &apos;environment&apos;: &apos;Teste&apos;, &apos;..., &apos;example&apos;: {&apos;group_id&apos;: 5, &apos;name&apos;: &apos;GrupoTeste&apos;}, &apos;properties&apos;: {&apos;name&apos;: {&apos;type&apos;: &apos;string&apos;}}, &apos;type&apos;: &apos;object&apos;}, ...}.get
     +              where {&apos;Agent&apos;: {&apos;discriminator&apos;: &apos;agent_id&apos;, &apos;example&apos;: {&apos;address&apos;: &apos;11.11.11.11&apos;, &apos;agent_id&apos;: 1, &apos;environment&apos;: &apos;Teste&apos;, &apos;..., &apos;example&apos;: {&apos;group_id&apos;: 5, &apos;name&apos;: &apos;GrupoTeste&apos;}, &apos;properties&apos;: {&apos;name&apos;: {&apos;type&apos;: &apos;string&apos;}}, &apos;type&apos;: &apos;object&apos;}, ...} = &lt;built-in method get of dict object at 0x03972C80&gt;(&apos;types&apos;)
     +                where &lt;built-in method get of dict object at 0x03972C80&gt; = {&apos;/agents&apos;: {&apos;/{id}&apos;: {&apos;delete&apos;: {&apos;description&apos;: &apos;Exclui um agent por ID&apos;, &apos;responses&apos;: {200: {&apos;body&apos;: {...}}, 401: {&apos;...orization Required&quot;}\n&apos;}}, 404: {&apos;body&apos;: {&apos;application/json&apos;: &apos;{&quot;error&quot;: &quot;Not Found&quot;}\n&apos;}}}, &apos;securedBy&apos;: &apos;JWT&apos;}}, ...}.get</failure></testcase><testcase classname="test_submit" file="test_submit.py" line="200" name="test_2055" time="0.0009989738464355469"></testcase><testcase classname="test_submit" file="test_submit.py" line="204" name="test_764" time="0.0019991397857666016"></testcase><testcase classname="test_submit" file="test_submit.py" line="208" name="test_1742" time="0.0"></testcase><testcase classname="test_submit" file="test_submit.py" line="212" name="test_1643" time="0.0009813308715820312"></testcase><testcase classname="test_submit" file="test_submit.py" line="216" name="test_1790" time="0.0019996166229248047"></testcase><testcase classname="test_submit" file="test_submit.py" line="224" name="test_2015" time="0.001981496810913086"></testcase><testcase classname="test_submit" file="test_submit.py" line="228" name="test_1232" time="0.00099945068359375"></testcase><testcase classname="test_submit" file="test_submit.py" line="232" name="test_2845" time="0.0009996891021728516"></testcase><testcase classname="test_submit" file="test_submit.py" line="240" name="test_502" time="0.0019989013671875"></testcase><testcase classname="test_submit" file="test_submit.py" line="244" name="test_1325" time="0.0019998550415039062"></testcase><testcase classname="test_submit" file="test_submit.py" line="248" name="test_1670" time="0.0009989738464355469"></testcase><testcase classname="test_submit" file="test_submit.py" line="252" name="test_1091" time="0.0"></testcase><testcase classname="test_submit" file="test_submit.py" line="256" name="test_2455" time="0.001998424530029297"></testcase><testcase classname="test_submit" file="test_submit.py" line="260" name="test_2975" time="0.0009999275207519531"></testcase><testcase classname="test_submit" file="test_submit.py" line="264" name="test_2230" time="0.0"></testcase><testcase classname="test_submit" file="test_submit.py" line="272" name="test_2670" time="0.0"></testcase><testcase classname="test_submit" file="test_submit.py" line="276" name="test_638" time="0.0319819450378418"></testcase><testcase classname="test_submit" file="test_submit.py" line="280" name="test_1358" time="0.0"></testcase><testcase classname="test_submit" file="test_submit.py" line="288" name="test_2365" time="0.0"></testcase><testcase classname="test_submit" file="test_submit.py" line="292" name="test_2715" time="0.006995677947998047"><failure message="assert None
 +  where None = &lt;built-in method get of dict object at 0x038B4168&gt;(&apos;username&apos;)
 +    where &lt;built-in method get of dict object at 0x038B4168&gt; = {&apos;properties&apos;: {&apos;name&apos;: &apos;string&apos;, &apos;password&apos;: &apos;string&apos;}}.get
 +      where {&apos;properties&apos;: {&apos;name&apos;: &apos;string&apos;, &apos;password&apos;: &apos;string&apos;}} = &lt;built-in method get of dict object at 0x038CAA00&gt;(&apos;application/json&apos;)
 +        where &lt;built-in method get of dict object at 0x038CAA00&gt; = {&apos;application/json&apos;: {&apos;properties&apos;: {&apos;name&apos;: &apos;string&apos;, &apos;password&apos;: &apos;string&apos;}}}.get
 +          where {&apos;application/json&apos;: {&apos;properties&apos;: {&apos;name&apos;: &apos;string&apos;, &apos;password&apos;: &apos;string&apos;}}} = &lt;built-in method get of dict object at 0x038CA3C0&gt;(&apos;body&apos;)
 +            where &lt;built-in method get of dict object at 0x038CA3C0&gt; = {&apos;body&apos;: {&apos;application/json&apos;: {&apos;properties&apos;: {&apos;name&apos;: &apos;string&apos;, &apos;password&apos;: &apos;string&apos;}}}, &apos;description&apos;: &apos;Criar um novo...&apos;: {201: {&apos;body&apos;: {&apos;application/json&apos;: &apos;Auth[]&apos;}}, 400: {&apos;body&apos;: {&apos;application/json&apos;: &apos;{&quot;error&quot;: &quot;Bad Request.&quot;}\n&apos;}}}}.get
 +              where {&apos;body&apos;: {&apos;application/json&apos;: {&apos;properties&apos;: {&apos;name&apos;: &apos;string&apos;, &apos;password&apos;: &apos;string&apos;}}}, &apos;description&apos;: &apos;Criar um novo...&apos;: {201: {&apos;body&apos;: {&apos;application/json&apos;: &apos;Auth[]&apos;}}, 400: {&apos;body&apos;: {&apos;application/json&apos;: &apos;{&quot;error&quot;: &quot;Bad Request.&quot;}\n&apos;}}}} = &lt;built-in method get of dict object at 0x038CA6E0&gt;(&apos;post&apos;)
 +                where &lt;built-in method get of dict object at 0x038CA6E0&gt; = {&apos;post&apos;: {&apos;body&apos;: {&apos;application/json&apos;: {&apos;properties&apos;: {&apos;name&apos;: &apos;string&apos;, &apos;password&apos;: &apos;string&apos;}}}, &apos;description&apos;: &apos;Cria...: {201: {&apos;body&apos;: {&apos;application/json&apos;: &apos;Auth[]&apos;}}, 400: {&apos;body&apos;: {&apos;application/json&apos;: &apos;{&quot;error&quot;: &quot;Bad Request.&quot;}\n&apos;}}}}}.get
 +                  where {&apos;post&apos;: {&apos;body&apos;: {&apos;application/json&apos;: {&apos;properties&apos;: {&apos;name&apos;: &apos;string&apos;, &apos;password&apos;: &apos;string&apos;}}}, &apos;description&apos;: &apos;Cria...: {201: {&apos;body&apos;: {&apos;application/json&apos;: &apos;Auth[]&apos;}}, 400: {&apos;body&apos;: {&apos;application/json&apos;: &apos;{&quot;error&quot;: &quot;Bad Request.&quot;}\n&apos;}}}}} = &lt;built-in method get of dict object at 0x03972C80&gt;(&apos;/auth/token&apos;)
 +                    where &lt;built-in method get of dict object at 0x03972C80&gt; = {&apos;/agents&apos;: {&apos;/{id}&apos;: {&apos;delete&apos;: {&apos;description&apos;: &apos;Exclui um agent por ID&apos;, &apos;responses&apos;: {200: {&apos;body&apos;: {...}}, 401: {&apos;...orization Required&quot;}\n&apos;}}, 404: {&apos;body&apos;: {&apos;application/json&apos;: &apos;{&quot;error&quot;: &quot;Not Found&quot;}\n&apos;}}}, &apos;securedBy&apos;: &apos;JWT&apos;}}, ...}.get">E   assert None
     +  where None = &lt;built-in method get of dict object at 0x038B4168&gt;(&apos;username&apos;)
     +    where &lt;built-in method get of dict object at 0x038B4168&gt; = {&apos;properties&apos;: {&apos;name&apos;: &apos;string&apos;, &apos;password&apos;: &apos;string&apos;}}.get
     +      where {&apos;properties&apos;: {&apos;name&apos;: &apos;string&apos;, &apos;password&apos;: &apos;string&apos;}} = &lt;built-in method get of dict object at 0x038CAA00&gt;(&apos;application/json&apos;)
     +        where &lt;built-in method get of dict object at 0x038CAA00&gt; = {&apos;application/json&apos;: {&apos;properties&apos;: {&apos;name&apos;: &apos;string&apos;, &apos;password&apos;: &apos;string&apos;}}}.get
     +          where {&apos;application/json&apos;: {&apos;properties&apos;: {&apos;name&apos;: &apos;string&apos;, &apos;password&apos;: &apos;string&apos;}}} = &lt;built-in method get of dict object at 0x038CA3C0&gt;(&apos;body&apos;)
     +            where &lt;built-in method get of dict object at 0x038CA3C0&gt; = {&apos;body&apos;: {&apos;application/json&apos;: {&apos;properties&apos;: {&apos;name&apos;: &apos;string&apos;, &apos;password&apos;: &apos;string&apos;}}}, &apos;description&apos;: &apos;Criar um novo...&apos;: {201: {&apos;body&apos;: {&apos;application/json&apos;: &apos;Auth[]&apos;}}, 400: {&apos;body&apos;: {&apos;application/json&apos;: &apos;{&quot;error&quot;: &quot;Bad Request.&quot;}\n&apos;}}}}.get
     +              where {&apos;body&apos;: {&apos;application/json&apos;: {&apos;properties&apos;: {&apos;name&apos;: &apos;string&apos;, &apos;password&apos;: &apos;string&apos;}}}, &apos;description&apos;: &apos;Criar um novo...&apos;: {201: {&apos;body&apos;: {&apos;application/json&apos;: &apos;Auth[]&apos;}}, 400: {&apos;body&apos;: {&apos;application/json&apos;: &apos;{&quot;error&quot;: &quot;Bad Request.&quot;}\n&apos;}}}} = &lt;built-in method get of dict object at 0x038CA6E0&gt;(&apos;post&apos;)
     +                where &lt;built-in method get of dict object at 0x038CA6E0&gt; = {&apos;post&apos;: {&apos;body&apos;: {&apos;application/json&apos;: {&apos;properties&apos;: {&apos;name&apos;: &apos;string&apos;, &apos;password&apos;: &apos;string&apos;}}}, &apos;description&apos;: &apos;Cria...: {201: {&apos;body&apos;: {&apos;application/json&apos;: &apos;Auth[]&apos;}}, 400: {&apos;body&apos;: {&apos;application/json&apos;: &apos;{&quot;error&quot;: &quot;Bad Request.&quot;}\n&apos;}}}}}.get
     +                  where {&apos;post&apos;: {&apos;body&apos;: {&apos;application/json&apos;: {&apos;properties&apos;: {&apos;name&apos;: &apos;string&apos;, &apos;password&apos;: &apos;string&apos;}}}, &apos;description&apos;: &apos;Cria...: {201: {&apos;body&apos;: {&apos;application/json&apos;: &apos;Auth[]&apos;}}, 400: {&apos;body&apos;: {&apos;application/json&apos;: &apos;{&quot;error&quot;: &quot;Bad Request.&quot;}\n&apos;}}}}} = &lt;built-in method get of dict object at 0x03972C80&gt;(&apos;/auth/token&apos;)
     +                    where &lt;built-in method get of dict object at 0x03972C80&gt; = {&apos;/agents&apos;: {&apos;/{id}&apos;: {&apos;delete&apos;: {&apos;description&apos;: &apos;Exclui um agent por ID&apos;, &apos;responses&apos;: {200: {&apos;body&apos;: {...}}, 401: {&apos;...orization Required&quot;}\n&apos;}}, 404: {&apos;body&apos;: {&apos;application/json&apos;: &apos;{&quot;error&quot;: &quot;Not Found&quot;}\n&apos;}}}, &apos;securedBy&apos;: &apos;JWT&apos;}}, ...}.get</failure></testcase><testcase classname="test_submit" file="test_submit.py" line="300" name="test_1121" time="0.0019941329956054688"></testcase><testcase classname="test_submit" file="test_submit.py" line="304" name="test_2105" time="0.0019986629486083984"></testcase><testcase classname="test_submit" file="test_submit.py" line="308" name="test_2065" time="0.00099945068359375"></testcase><testcase classname="test_submit" file="test_submit.py" line="312" name="test_2930" time="0.0009980201721191406"></testcase><testcase classname="test_submit" file="test_submit.py" line="316" name="test_2925" time="0.0"></testcase><testcase classname="test_submit" file="test_submit.py" line="320" name="test_746" time="0.001001596450805664"></testcase><testcase classname="test_submit" file="test_submit.py" line="324" name="test_1442" time="0.0009996891021728516"></testcase><testcase classname="test_submit" file="test_submit.py" line="328" name="test_1826" time="0.0019991397857666016"></testcase><testcase classname="test_submit" file="test_submit.py" line="332" name="test_1382" time="0.0010004043579101562"></testcase><testcase classname="test_submit" file="test_submit.py" line="344" name="test_2290" time="0.0009999275207519531"></testcase><testcase classname="test_submit" file="test_submit.py" line="348" name="test_1055" time="0.0009987354278564453"></testcase><testcase classname="test_submit" file="test_submit.py" line="356" name="test_2030" time="0.0"></testcase><testcase classname="test_submit" file="test_submit.py" line="364" name="test_2200" time="0.0"></testcase><testcase classname="test_submit" file="test_submit.py" line="368" name="test_916" time="0.0009989738464355469"></testcase><testcase classname="test_submit" file="test_submit.py" line="372" name="test_1409" time="0.0010006427764892578"></testcase><testcase classname="test_submit" file="test_submit.py" line="380" name="test_1292" time="0.0019981861114501953"></testcase><testcase classname="test_submit" file="test_submit.py" line="384" name="test_2530" time="0.0009984970092773438"></testcase><testcase classname="test_submit" file="test_submit.py" line="388" name="test_2140" time="0.0009989738464355469"></testcase><testcase classname="test_submit" file="test_submit.py" line="392" name="test_664" time="0.0009968280792236328"></testcase><testcase classname="test_submit" file="test_submit.py" line="396" name="test_1313" time="0.0019989013671875"></testcase><testcase classname="test_submit" file="test_submit.py" line="400" name="test_2755" time="0.0019981861114501953"></testcase><testcase classname="test_submit" file="test_submit.py" line="404" name="test_2305" time="0.001999378204345703"></testcase><testcase classname="test_submit" file="test_submit.py" line="412" name="test_2965" time="0.0010001659393310547"></testcase><testcase classname="test_submit" file="test_submit.py" line="416" name="test_2060" time="0.001998424530029297"></testcase><testcase classname="test_submit" file="test_submit.py" line="420" name="test_2625" time="0.0009996891021728516"></testcase><testcase classname="test_submit" file="test_submit.py" line="424" name="test_1295" time="0.001999378204345703"></testcase><testcase classname="test_submit" file="test_submit.py" line="432" name="test_2555" time="0.0"></testcase><testcase classname="test_submit" file="test_submit.py" line="436" name="test_2610" time="0.0"></testcase><testcase classname="test_submit" file="test_submit.py" line="444" name="test_2295" time="0.0"></testcase><testcase classname="test_submit" file="test_submit.py" line="448" name="test_2800" time="0.0019998550415039062"></testcase><testcase classname="test_submit" file="test_submit.py" line="452" name="test_1460" time="0.0019986629486083984"></testcase><testcase classname="test_submit" file="test_submit.py" line="456" name="test_2745" time="0.0009989738464355469"></testcase><testcase classname="test_submit" file="test_submit.py" line="464" name="test_2990" time="0.0010006427764892578"></testcase><testcase classname="test_submit" file="test_submit.py" line="476" name="test_2510" time="0.0010001659393310547"></testcase><testcase classname="test_submit" file="test_submit.py" line="480" name="test_934" time="0.0019989013671875"></testcase><testcase classname="test_submit" file="test_submit.py" line="484" name="test_1130" time="0.0029942989349365234"></testcase><testcase classname="test_submit" file="test_submit.py" line="492" name="test_2810" time="0.0009992122650146484"></testcase><testcase classname="test_submit" file="test_submit.py" line="500" name="test_2695" time="0.0010008811950683594"></testcase><testcase classname="test_submit" file="test_submit.py" line="508" name="test_2645" time="0.002997875213623047"><failure message="assert None
 +  where None = &lt;built-in method get of dict object at 0x038B4348&gt;(201)
 +    where &lt;built-in method get of dict object at 0x038B4348&gt; = {&apos;application/json&apos;: &apos;Event[]&apos;}.get
 +      where {&apos;application/json&apos;: &apos;Event[]&apos;} = &lt;built-in method get of dict object at 0x038CAB68&gt;(&apos;body&apos;)
 +        where &lt;built-in method get of dict object at 0x038CAB68&gt; = {&apos;body&apos;: {&apos;application/json&apos;: &apos;Event[]&apos;}, &apos;description&apos;: &apos;Inclui um Evento dentro do ID AGent&apos;, &apos;responses&apos;: {201: {&apos;b...: &quot;Authorization Required&quot;}\n&apos;}}, 404: {&apos;body&apos;: {&apos;application/json&apos;: &apos;{&quot;error&quot;: &quot;Not Found&quot;}\n&apos;}}}, &apos;securedBy&apos;: &apos;JWT&apos;}.get
 +          where {&apos;body&apos;: {&apos;application/json&apos;: &apos;Event[]&apos;}, &apos;description&apos;: &apos;Inclui um Evento dentro do ID AGent&apos;, &apos;responses&apos;: {201: {&apos;b...: &quot;Authorization Required&quot;}\n&apos;}}, 404: {&apos;body&apos;: {&apos;application/json&apos;: &apos;{&quot;error&quot;: &quot;Not Found&quot;}\n&apos;}}}, &apos;securedBy&apos;: &apos;JWT&apos;} = &lt;built-in method get of dict object at 0x038C6280&gt;(&apos;post&apos;)
 +            where &lt;built-in method get of dict object at 0x038C6280&gt; = {&apos;/{id}&apos;: {&apos;delete&apos;: {&apos;body&apos;: {&apos;application/json&apos;: &apos;Event[]&apos;}, &apos;description&apos;: &apos;Exclui um Evento de um Agent&apos;, &apos;respons...horization Required&quot;}\n&apos;}}, 404: {&apos;body&apos;: {&apos;application/json&apos;: &apos;{&quot;error&quot;: &quot;Not Found&quot;}\n&apos;}}}, &apos;securedBy&apos;: &apos;JWT&apos;}, ...}.get
 +              where {&apos;/{id}&apos;: {&apos;delete&apos;: {&apos;body&apos;: {&apos;application/json&apos;: &apos;Event[]&apos;}, &apos;description&apos;: &apos;Exclui um Evento de um Agent&apos;, &apos;respons...horization Required&quot;}\n&apos;}}, 404: {&apos;body&apos;: {&apos;application/json&apos;: &apos;{&quot;error&quot;: &quot;Not Found&quot;}\n&apos;}}}, &apos;securedBy&apos;: &apos;JWT&apos;}, ...} = &lt;built-in method get of dict object at 0x03D323E8&gt;(&apos;/{id}/events&apos;)
 +                where &lt;built-in method get of dict object at 0x03D323E8&gt; = {&apos;/{id}&apos;: {&apos;delete&apos;: {&apos;description&apos;: &apos;Exclui um agent por ID&apos;, &apos;responses&apos;: {200: {&apos;body&apos;: {&apos;application/json&apos;: &apos;Agent...json&apos;: &apos;Agent[]&apos;}}, 401: {&apos;body&apos;: {&apos;application/json&apos;: &apos;{&quot;error&quot;: &quot;Authorization Required&quot;}\n&apos;}}}, &apos;securedBy&apos;: &apos;JWT&apos;}}.get
 +                  where {&apos;/{id}&apos;: {&apos;delete&apos;: {&apos;description&apos;: &apos;Exclui um agent por ID&apos;, &apos;responses&apos;: {200: {&apos;body&apos;: {&apos;application/json&apos;: &apos;Agent...json&apos;: &apos;Agent[]&apos;}}, 401: {&apos;body&apos;: {&apos;application/json&apos;: &apos;{&quot;error&quot;: &quot;Authorization Required&quot;}\n&apos;}}}, &apos;securedBy&apos;: &apos;JWT&apos;}} = &lt;built-in method get of dict object at 0x03972C80&gt;(&apos;/agents&apos;)
 +                    where &lt;built-in method get of dict object at 0x03972C80&gt; = {&apos;/agents&apos;: {&apos;/{id}&apos;: {&apos;delete&apos;: {&apos;description&apos;: &apos;Exclui um agent por ID&apos;, &apos;responses&apos;: {200: {&apos;body&apos;: {...}}, 401: {&apos;...orization Required&quot;}\n&apos;}}, 404: {&apos;body&apos;: {&apos;application/json&apos;: &apos;{&quot;error&quot;: &quot;Not Found&quot;}\n&apos;}}}, &apos;securedBy&apos;: &apos;JWT&apos;}}, ...}.get">E   assert None
     +  where None = &lt;built-in method get of dict object at 0x038B4348&gt;(201)
     +    where &lt;built-in method get of dict object at 0x038B4348&gt; = {&apos;application/json&apos;: &apos;Event[]&apos;}.get
     +      where {&apos;application/json&apos;: &apos;Event[]&apos;} = &lt;built-in method get of dict object at 0x038CAB68&gt;(&apos;body&apos;)
     +        where &lt;built-in method get of dict object at 0x038CAB68&gt; = {&apos;body&apos;: {&apos;application/json&apos;: &apos;Event[]&apos;}, &apos;description&apos;: &apos;Inclui um Evento dentro do ID AGent&apos;, &apos;responses&apos;: {201: {&apos;b...: &quot;Authorization Required&quot;}\n&apos;}}, 404: {&apos;body&apos;: {&apos;application/json&apos;: &apos;{&quot;error&quot;: &quot;Not Found&quot;}\n&apos;}}}, &apos;securedBy&apos;: &apos;JWT&apos;}.get
     +          where {&apos;body&apos;: {&apos;application/json&apos;: &apos;Event[]&apos;}, &apos;description&apos;: &apos;Inclui um Evento dentro do ID AGent&apos;, &apos;responses&apos;: {201: {&apos;b...: &quot;Authorization Required&quot;}\n&apos;}}, 404: {&apos;body&apos;: {&apos;application/json&apos;: &apos;{&quot;error&quot;: &quot;Not Found&quot;}\n&apos;}}}, &apos;securedBy&apos;: &apos;JWT&apos;} = &lt;built-in method get of dict object at 0x038C6280&gt;(&apos;post&apos;)
     +            where &lt;built-in method get of dict object at 0x038C6280&gt; = {&apos;/{id}&apos;: {&apos;delete&apos;: {&apos;body&apos;: {&apos;application/json&apos;: &apos;Event[]&apos;}, &apos;description&apos;: &apos;Exclui um Evento de um Agent&apos;, &apos;respons...horization Required&quot;}\n&apos;}}, 404: {&apos;body&apos;: {&apos;application/json&apos;: &apos;{&quot;error&quot;: &quot;Not Found&quot;}\n&apos;}}}, &apos;securedBy&apos;: &apos;JWT&apos;}, ...}.get
     +              where {&apos;/{id}&apos;: {&apos;delete&apos;: {&apos;body&apos;: {&apos;application/json&apos;: &apos;Event[]&apos;}, &apos;description&apos;: &apos;Exclui um Evento de um Agent&apos;, &apos;respons...horization Required&quot;}\n&apos;}}, 404: {&apos;body&apos;: {&apos;application/json&apos;: &apos;{&quot;error&quot;: &quot;Not Found&quot;}\n&apos;}}}, &apos;securedBy&apos;: &apos;JWT&apos;}, ...} = &lt;built-in method get of dict object at 0x03D323E8&gt;(&apos;/{id}/events&apos;)
     +                where &lt;built-in method get of dict object at 0x03D323E8&gt; = {&apos;/{id}&apos;: {&apos;delete&apos;: {&apos;description&apos;: &apos;Exclui um agent por ID&apos;, &apos;responses&apos;: {200: {&apos;body&apos;: {&apos;application/json&apos;: &apos;Agent...json&apos;: &apos;Agent[]&apos;}}, 401: {&apos;body&apos;: {&apos;application/json&apos;: &apos;{&quot;error&quot;: &quot;Authorization Required&quot;}\n&apos;}}}, &apos;securedBy&apos;: &apos;JWT&apos;}}.get
     +                  where {&apos;/{id}&apos;: {&apos;delete&apos;: {&apos;description&apos;: &apos;Exclui um agent por ID&apos;, &apos;responses&apos;: {200: {&apos;body&apos;: {&apos;application/json&apos;: &apos;Agent...json&apos;: &apos;Agent[]&apos;}}, 401: {&apos;body&apos;: {&apos;application/json&apos;: &apos;{&quot;error&quot;: &quot;Authorization Required&quot;}\n&apos;}}}, &apos;securedBy&apos;: &apos;JWT&apos;}} = &lt;built-in method get of dict object at 0x03972C80&gt;(&apos;/agents&apos;)
     +                    where &lt;built-in method get of dict object at 0x03972C80&gt; = {&apos;/agents&apos;: {&apos;/{id}&apos;: {&apos;delete&apos;: {&apos;description&apos;: &apos;Exclui um agent por ID&apos;, &apos;responses&apos;: {200: {&apos;body&apos;: {...}}, 401: {&apos;...orization Required&quot;}\n&apos;}}, 404: {&apos;body&apos;: {&apos;application/json&apos;: &apos;{&quot;error&quot;: &quot;Not Found&quot;}\n&apos;}}}, &apos;securedBy&apos;: &apos;JWT&apos;}}, ...}.get</failure></testcase><testcase classname="test_submit" file="test_submit.py" line="512" name="test_2185" time="0.003997325897216797"><failure message="assert None
 +  where None = &lt;built-in method get of dict object at 0x038B4348&gt;(401)
 +    where &lt;built-in method get of dict object at 0x038B4348&gt; = {&apos;application/json&apos;: &apos;Event[]&apos;}.get
 +      where {&apos;application/json&apos;: &apos;Event[]&apos;} = &lt;built-in method get of dict object at 0x038CAB68&gt;(&apos;body&apos;)
 +        where &lt;built-in method get of dict object at 0x038CAB68&gt; = {&apos;body&apos;: {&apos;application/json&apos;: &apos;Event[]&apos;}, &apos;description&apos;: &apos;Inclui um Evento dentro do ID AGent&apos;, &apos;responses&apos;: {201: {&apos;b...: &quot;Authorization Required&quot;}\n&apos;}}, 404: {&apos;body&apos;: {&apos;application/json&apos;: &apos;{&quot;error&quot;: &quot;Not Found&quot;}\n&apos;}}}, &apos;securedBy&apos;: &apos;JWT&apos;}.get
 +          where {&apos;body&apos;: {&apos;application/json&apos;: &apos;Event[]&apos;}, &apos;description&apos;: &apos;Inclui um Evento dentro do ID AGent&apos;, &apos;responses&apos;: {201: {&apos;b...: &quot;Authorization Required&quot;}\n&apos;}}, 404: {&apos;body&apos;: {&apos;application/json&apos;: &apos;{&quot;error&quot;: &quot;Not Found&quot;}\n&apos;}}}, &apos;securedBy&apos;: &apos;JWT&apos;} = &lt;built-in method get of dict object at 0x038C6280&gt;(&apos;post&apos;)
 +            where &lt;built-in method get of dict object at 0x038C6280&gt; = {&apos;/{id}&apos;: {&apos;delete&apos;: {&apos;body&apos;: {&apos;application/json&apos;: &apos;Event[]&apos;}, &apos;description&apos;: &apos;Exclui um Evento de um Agent&apos;, &apos;respons...horization Required&quot;}\n&apos;}}, 404: {&apos;body&apos;: {&apos;application/json&apos;: &apos;{&quot;error&quot;: &quot;Not Found&quot;}\n&apos;}}}, &apos;securedBy&apos;: &apos;JWT&apos;}, ...}.get
 +              where {&apos;/{id}&apos;: {&apos;delete&apos;: {&apos;body&apos;: {&apos;application/json&apos;: &apos;Event[]&apos;}, &apos;description&apos;: &apos;Exclui um Evento de um Agent&apos;, &apos;respons...horization Required&quot;}\n&apos;}}, 404: {&apos;body&apos;: {&apos;application/json&apos;: &apos;{&quot;error&quot;: &quot;Not Found&quot;}\n&apos;}}}, &apos;securedBy&apos;: &apos;JWT&apos;}, ...} = &lt;built-in method get of dict object at 0x03D323E8&gt;(&apos;/{id}/events&apos;)
 +                where &lt;built-in method get of dict object at 0x03D323E8&gt; = {&apos;/{id}&apos;: {&apos;delete&apos;: {&apos;description&apos;: &apos;Exclui um agent por ID&apos;, &apos;responses&apos;: {200: {&apos;body&apos;: {&apos;application/json&apos;: &apos;Agent...json&apos;: &apos;Agent[]&apos;}}, 401: {&apos;body&apos;: {&apos;application/json&apos;: &apos;{&quot;error&quot;: &quot;Authorization Required&quot;}\n&apos;}}}, &apos;securedBy&apos;: &apos;JWT&apos;}}.get
 +                  where {&apos;/{id}&apos;: {&apos;delete&apos;: {&apos;description&apos;: &apos;Exclui um agent por ID&apos;, &apos;responses&apos;: {200: {&apos;body&apos;: {&apos;application/json&apos;: &apos;Agent...json&apos;: &apos;Agent[]&apos;}}, 401: {&apos;body&apos;: {&apos;application/json&apos;: &apos;{&quot;error&quot;: &quot;Authorization Required&quot;}\n&apos;}}}, &apos;securedBy&apos;: &apos;JWT&apos;}} = &lt;built-in method get of dict object at 0x03972C80&gt;(&apos;/agents&apos;)
 +                    where &lt;built-in method get of dict object at 0x03972C80&gt; = {&apos;/agents&apos;: {&apos;/{id}&apos;: {&apos;delete&apos;: {&apos;description&apos;: &apos;Exclui um agent por ID&apos;, &apos;responses&apos;: {200: {&apos;body&apos;: {...}}, 401: {&apos;...orization Required&quot;}\n&apos;}}, 404: {&apos;body&apos;: {&apos;application/json&apos;: &apos;{&quot;error&quot;: &quot;Not Found&quot;}\n&apos;}}}, &apos;securedBy&apos;: &apos;JWT&apos;}}, ...}.get">E   assert None
     +  where None = &lt;built-in method get of dict object at 0x038B4348&gt;(401)
     +    where &lt;built-in method get of dict object at 0x038B4348&gt; = {&apos;application/json&apos;: &apos;Event[]&apos;}.get
     +      where {&apos;application/json&apos;: &apos;Event[]&apos;} = &lt;built-in method get of dict object at 0x038CAB68&gt;(&apos;body&apos;)
     +        where &lt;built-in method get of dict object at 0x038CAB68&gt; = {&apos;body&apos;: {&apos;application/json&apos;: &apos;Event[]&apos;}, &apos;description&apos;: &apos;Inclui um Evento dentro do ID AGent&apos;, &apos;responses&apos;: {201: {&apos;b...: &quot;Authorization Required&quot;}\n&apos;}}, 404: {&apos;body&apos;: {&apos;application/json&apos;: &apos;{&quot;error&quot;: &quot;Not Found&quot;}\n&apos;}}}, &apos;securedBy&apos;: &apos;JWT&apos;}.get
     +          where {&apos;body&apos;: {&apos;application/json&apos;: &apos;Event[]&apos;}, &apos;description&apos;: &apos;Inclui um Evento dentro do ID AGent&apos;, &apos;responses&apos;: {201: {&apos;b...: &quot;Authorization Required&quot;}\n&apos;}}, 404: {&apos;body&apos;: {&apos;application/json&apos;: &apos;{&quot;error&quot;: &quot;Not Found&quot;}\n&apos;}}}, &apos;securedBy&apos;: &apos;JWT&apos;} = &lt;built-in method get of dict object at 0x038C6280&gt;(&apos;post&apos;)
     +            where &lt;built-in method get of dict object at 0x038C6280&gt; = {&apos;/{id}&apos;: {&apos;delete&apos;: {&apos;body&apos;: {&apos;application/json&apos;: &apos;Event[]&apos;}, &apos;description&apos;: &apos;Exclui um Evento de um Agent&apos;, &apos;respons...horization Required&quot;}\n&apos;}}, 404: {&apos;body&apos;: {&apos;application/json&apos;: &apos;{&quot;error&quot;: &quot;Not Found&quot;}\n&apos;}}}, &apos;securedBy&apos;: &apos;JWT&apos;}, ...}.get
     +              where {&apos;/{id}&apos;: {&apos;delete&apos;: {&apos;body&apos;: {&apos;application/json&apos;: &apos;Event[]&apos;}, &apos;description&apos;: &apos;Exclui um Evento de um Agent&apos;, &apos;respons...horization Required&quot;}\n&apos;}}, 404: {&apos;body&apos;: {&apos;application/json&apos;: &apos;{&quot;error&quot;: &quot;Not Found&quot;}\n&apos;}}}, &apos;securedBy&apos;: &apos;JWT&apos;}, ...} = &lt;built-in method get of dict object at 0x03D323E8&gt;(&apos;/{id}/events&apos;)
     +                where &lt;built-in method get of dict object at 0x03D323E8&gt; = {&apos;/{id}&apos;: {&apos;delete&apos;: {&apos;description&apos;: &apos;Exclui um agent por ID&apos;, &apos;responses&apos;: {200: {&apos;body&apos;: {&apos;application/json&apos;: &apos;Agent...json&apos;: &apos;Agent[]&apos;}}, 401: {&apos;body&apos;: {&apos;application/json&apos;: &apos;{&quot;error&quot;: &quot;Authorization Required&quot;}\n&apos;}}}, &apos;securedBy&apos;: &apos;JWT&apos;}}.get
     +                  where {&apos;/{id}&apos;: {&apos;delete&apos;: {&apos;description&apos;: &apos;Exclui um agent por ID&apos;, &apos;responses&apos;: {200: {&apos;body&apos;: {&apos;application/json&apos;: &apos;Agent...json&apos;: &apos;Agent[]&apos;}}, 401: {&apos;body&apos;: {&apos;application/json&apos;: &apos;{&quot;error&quot;: &quot;Authorization Required&quot;}\n&apos;}}}, &apos;securedBy&apos;: &apos;JWT&apos;}} = &lt;built-in method get of dict object at 0x03972C80&gt;(&apos;/agents&apos;)
     +                    where &lt;built-in method get of dict object at 0x03972C80&gt; = {&apos;/agents&apos;: {&apos;/{id}&apos;: {&apos;delete&apos;: {&apos;description&apos;: &apos;Exclui um agent por ID&apos;, &apos;responses&apos;: {200: {&apos;body&apos;: {...}}, 401: {&apos;...orization Required&quot;}\n&apos;}}, 404: {&apos;body&apos;: {&apos;application/json&apos;: &apos;{&quot;error&quot;: &quot;Not Found&quot;}\n&apos;}}}, &apos;securedBy&apos;: &apos;JWT&apos;}}, ...}.get</failure></testcase><testcase classname="test_submit" file="test_submit.py" line="516" name="test_2580" time="0.011993408203125"><failure message="assert None
 +  where None = &lt;built-in method get of dict object at 0x038B4348&gt;(404)
 +    where &lt;built-in method get of dict object at 0x038B4348&gt; = {&apos;application/json&apos;: &apos;Event[]&apos;}.get
 +      where {&apos;application/json&apos;: &apos;Event[]&apos;} = &lt;built-in method get of dict object at 0x038CAB68&gt;(&apos;body&apos;)
 +        where &lt;built-in method get of dict object at 0x038CAB68&gt; = {&apos;body&apos;: {&apos;application/json&apos;: &apos;Event[]&apos;}, &apos;description&apos;: &apos;Inclui um Evento dentro do ID AGent&apos;, &apos;responses&apos;: {201: {&apos;b...: &quot;Authorization Required&quot;}\n&apos;}}, 404: {&apos;body&apos;: {&apos;application/json&apos;: &apos;{&quot;error&quot;: &quot;Not Found&quot;}\n&apos;}}}, &apos;securedBy&apos;: &apos;JWT&apos;}.get
 +          where {&apos;body&apos;: {&apos;application/json&apos;: &apos;Event[]&apos;}, &apos;description&apos;: &apos;Inclui um Evento dentro do ID AGent&apos;, &apos;responses&apos;: {201: {&apos;b...: &quot;Authorization Required&quot;}\n&apos;}}, 404: {&apos;body&apos;: {&apos;application/json&apos;: &apos;{&quot;error&quot;: &quot;Not Found&quot;}\n&apos;}}}, &apos;securedBy&apos;: &apos;JWT&apos;} = &lt;built-in method get of dict object at 0x038C6280&gt;(&apos;post&apos;)
 +            where &lt;built-in method get of dict object at 0x038C6280&gt; = {&apos;/{id}&apos;: {&apos;delete&apos;: {&apos;body&apos;: {&apos;application/json&apos;: &apos;Event[]&apos;}, &apos;description&apos;: &apos;Exclui um Evento de um Agent&apos;, &apos;respons...horization Required&quot;}\n&apos;}}, 404: {&apos;body&apos;: {&apos;application/json&apos;: &apos;{&quot;error&quot;: &quot;Not Found&quot;}\n&apos;}}}, &apos;securedBy&apos;: &apos;JWT&apos;}, ...}.get
 +              where {&apos;/{id}&apos;: {&apos;delete&apos;: {&apos;body&apos;: {&apos;application/json&apos;: &apos;Event[]&apos;}, &apos;description&apos;: &apos;Exclui um Evento de um Agent&apos;, &apos;respons...horization Required&quot;}\n&apos;}}, 404: {&apos;body&apos;: {&apos;application/json&apos;: &apos;{&quot;error&quot;: &quot;Not Found&quot;}\n&apos;}}}, &apos;securedBy&apos;: &apos;JWT&apos;}, ...} = &lt;built-in method get of dict object at 0x03D323E8&gt;(&apos;/{id}/events&apos;)
 +                where &lt;built-in method get of dict object at 0x03D323E8&gt; = {&apos;/{id}&apos;: {&apos;delete&apos;: {&apos;description&apos;: &apos;Exclui um agent por ID&apos;, &apos;responses&apos;: {200: {&apos;body&apos;: {&apos;application/json&apos;: &apos;Agent...json&apos;: &apos;Agent[]&apos;}}, 401: {&apos;body&apos;: {&apos;application/json&apos;: &apos;{&quot;error&quot;: &quot;Authorization Required&quot;}\n&apos;}}}, &apos;securedBy&apos;: &apos;JWT&apos;}}.get
 +                  where {&apos;/{id}&apos;: {&apos;delete&apos;: {&apos;description&apos;: &apos;Exclui um agent por ID&apos;, &apos;responses&apos;: {200: {&apos;body&apos;: {&apos;application/json&apos;: &apos;Agent...json&apos;: &apos;Agent[]&apos;}}, 401: {&apos;body&apos;: {&apos;application/json&apos;: &apos;{&quot;error&quot;: &quot;Authorization Required&quot;}\n&apos;}}}, &apos;securedBy&apos;: &apos;JWT&apos;}} = &lt;built-in method get of dict object at 0x03972C80&gt;(&apos;/agents&apos;)
 +                    where &lt;built-in method get of dict object at 0x03972C80&gt; = {&apos;/agents&apos;: {&apos;/{id}&apos;: {&apos;delete&apos;: {&apos;description&apos;: &apos;Exclui um agent por ID&apos;, &apos;responses&apos;: {200: {&apos;body&apos;: {...}}, 401: {&apos;...orization Required&quot;}\n&apos;}}, 404: {&apos;body&apos;: {&apos;application/json&apos;: &apos;{&quot;error&quot;: &quot;Not Found&quot;}\n&apos;}}}, &apos;securedBy&apos;: &apos;JWT&apos;}}, ...}.get">E   assert None
     +  where None = &lt;built-in method get of dict object at 0x038B4348&gt;(404)
     +    where &lt;built-in method get of dict object at 0x038B4348&gt; = {&apos;application/json&apos;: &apos;Event[]&apos;}.get
     +      where {&apos;application/json&apos;: &apos;Event[]&apos;} = &lt;built-in method get of dict object at 0x038CAB68&gt;(&apos;body&apos;)
     +        where &lt;built-in method get of dict object at 0x038CAB68&gt; = {&apos;body&apos;: {&apos;application/json&apos;: &apos;Event[]&apos;}, &apos;description&apos;: &apos;Inclui um Evento dentro do ID AGent&apos;, &apos;responses&apos;: {201: {&apos;b...: &quot;Authorization Required&quot;}\n&apos;}}, 404: {&apos;body&apos;: {&apos;application/json&apos;: &apos;{&quot;error&quot;: &quot;Not Found&quot;}\n&apos;}}}, &apos;securedBy&apos;: &apos;JWT&apos;}.get
     +          where {&apos;body&apos;: {&apos;application/json&apos;: &apos;Event[]&apos;}, &apos;description&apos;: &apos;Inclui um Evento dentro do ID AGent&apos;, &apos;responses&apos;: {201: {&apos;b...: &quot;Authorization Required&quot;}\n&apos;}}, 404: {&apos;body&apos;: {&apos;application/json&apos;: &apos;{&quot;error&quot;: &quot;Not Found&quot;}\n&apos;}}}, &apos;securedBy&apos;: &apos;JWT&apos;} = &lt;built-in method get of dict object at 0x038C6280&gt;(&apos;post&apos;)
     +            where &lt;built-in method get of dict object at 0x038C6280&gt; = {&apos;/{id}&apos;: {&apos;delete&apos;: {&apos;body&apos;: {&apos;application/json&apos;: &apos;Event[]&apos;}, &apos;description&apos;: &apos;Exclui um Evento de um Agent&apos;, &apos;respons...horization Required&quot;}\n&apos;}}, 404: {&apos;body&apos;: {&apos;application/json&apos;: &apos;{&quot;error&quot;: &quot;Not Found&quot;}\n&apos;}}}, &apos;securedBy&apos;: &apos;JWT&apos;}, ...}.get
     +              where {&apos;/{id}&apos;: {&apos;delete&apos;: {&apos;body&apos;: {&apos;application/json&apos;: &apos;Event[]&apos;}, &apos;description&apos;: &apos;Exclui um Evento de um Agent&apos;, &apos;respons...horization Required&quot;}\n&apos;}}, 404: {&apos;body&apos;: {&apos;application/json&apos;: &apos;{&quot;error&quot;: &quot;Not Found&quot;}\n&apos;}}}, &apos;securedBy&apos;: &apos;JWT&apos;}, ...} = &lt;built-in method get of dict object at 0x03D323E8&gt;(&apos;/{id}/events&apos;)
     +                where &lt;built-in method get of dict object at 0x03D323E8&gt; = {&apos;/{id}&apos;: {&apos;delete&apos;: {&apos;description&apos;: &apos;Exclui um agent por ID&apos;, &apos;responses&apos;: {200: {&apos;body&apos;: {&apos;application/json&apos;: &apos;Agent...json&apos;: &apos;Agent[]&apos;}}, 401: {&apos;body&apos;: {&apos;application/json&apos;: &apos;{&quot;error&quot;: &quot;Authorization Required&quot;}\n&apos;}}}, &apos;securedBy&apos;: &apos;JWT&apos;}}.get
     +                  where {&apos;/{id}&apos;: {&apos;delete&apos;: {&apos;description&apos;: &apos;Exclui um agent por ID&apos;, &apos;responses&apos;: {200: {&apos;body&apos;: {&apos;application/json&apos;: &apos;Agent...json&apos;: &apos;Agent[]&apos;}}, 401: {&apos;body&apos;: {&apos;application/json&apos;: &apos;{&quot;error&quot;: &quot;Authorization Required&quot;}\n&apos;}}}, &apos;securedBy&apos;: &apos;JWT&apos;}} = &lt;built-in method get of dict object at 0x03972C80&gt;(&apos;/agents&apos;)
     +                    where &lt;built-in method get of dict object at 0x03972C80&gt; = {&apos;/agents&apos;: {&apos;/{id}&apos;: {&apos;delete&apos;: {&apos;description&apos;: &apos;Exclui um agent por ID&apos;, &apos;responses&apos;: {200: {&apos;body&apos;: {...}}, 401: {&apos;...orization Required&quot;}\n&apos;}}, 404: {&apos;body&apos;: {&apos;application/json&apos;: &apos;{&quot;error&quot;: &quot;Not Found&quot;}\n&apos;}}}, &apos;securedBy&apos;: &apos;JWT&apos;}}, ...}.get</failure></testcase><testcase classname="test_submit" file="test_submit.py" line="520" name="test_1148" time="0.002997875213623047"></testcase><testcase classname="test_submit" file="test_submit.py" line="524" name="test_2780" time="0.0"></testcase><testcase classname="test_submit" file="test_submit.py" line="528" name="test_2805" time="0.003997802734375"></testcase><testcase classname="test_submit" file="test_submit.py" line="532" name="test_2415" time="0.0009982585906982422"></testcase><testcase classname="test_submit" file="test_submit.py" line="536" name="test_2010" time="0.0"></testcase><testcase classname="test_submit" file="test_submit.py" line="540" name="test_2545" time="0.0019991397857666016"></testcase><testcase classname="test_submit" file="test_submit.py" line="544" name="test_2700" time="0.0010001659393310547"></testcase><testcase classname="test_submit" file="test_submit.py" line="548" name="test_1808" time="0.001999378204345703"></testcase><testcase classname="test_submit" file="test_submit.py" line="552" name="test_2880" time="0.0019991397857666016"></testcase><testcase classname="test_submit" file="test_submit.py" line="556" name="test_2595" time="0.0009999275207519531"></testcase><testcase classname="test_submit" file="test_submit.py" line="560" name="test_2575" time="0.0"></testcase><testcase classname="test_submit" file="test_submit.py" line="568" name="test_2035" time="0.0029981136322021484"><failure message="assert None
 +  where None = &lt;built-in method get of dict object at 0x038B4398&gt;(200)
 +    where &lt;built-in method get of dict object at 0x038B4398&gt; = {&apos;application/json&apos;: &apos;Event[]&apos;}.get
 +      where {&apos;application/json&apos;: &apos;Event[]&apos;} = &lt;built-in method get of dict object at 0x038CAB90&gt;(&apos;body&apos;)
 +        where &lt;built-in method get of dict object at 0x038CAB90&gt; = {&apos;body&apos;: {&apos;application/json&apos;: &apos;Event[]&apos;}, &apos;description&apos;: &apos;Altera um Evento de um Agent&apos;, &apos;responses&apos;: {200: {&apos;body&apos;: {...: &quot;Authorization Required&quot;}\n&apos;}}, 404: {&apos;body&apos;: {&apos;application/json&apos;: &apos;{&quot;error&quot;: &quot;Not Found&quot;}\n&apos;}}}, &apos;securedBy&apos;: &apos;JWT&apos;}.get
 +          where {&apos;body&apos;: {&apos;application/json&apos;: &apos;Event[]&apos;}, &apos;description&apos;: &apos;Altera um Evento de um Agent&apos;, &apos;responses&apos;: {200: {&apos;body&apos;: {...: &quot;Authorization Required&quot;}\n&apos;}}, 404: {&apos;body&apos;: {&apos;application/json&apos;: &apos;{&quot;error&quot;: &quot;Not Found&quot;}\n&apos;}}}, &apos;securedBy&apos;: &apos;JWT&apos;} = &lt;built-in method get of dict object at 0x038C6280&gt;(&apos;put&apos;)
 +            where &lt;built-in method get of dict object at 0x038C6280&gt; = {&apos;/{id}&apos;: {&apos;delete&apos;: {&apos;body&apos;: {&apos;application/json&apos;: &apos;Event[]&apos;}, &apos;description&apos;: &apos;Exclui um Evento de um Agent&apos;, &apos;respons...horization Required&quot;}\n&apos;}}, 404: {&apos;body&apos;: {&apos;application/json&apos;: &apos;{&quot;error&quot;: &quot;Not Found&quot;}\n&apos;}}}, &apos;securedBy&apos;: &apos;JWT&apos;}, ...}.get
 +              where {&apos;/{id}&apos;: {&apos;delete&apos;: {&apos;body&apos;: {&apos;application/json&apos;: &apos;Event[]&apos;}, &apos;description&apos;: &apos;Exclui um Evento de um Agent&apos;, &apos;respons...horization Required&quot;}\n&apos;}}, 404: {&apos;body&apos;: {&apos;application/json&apos;: &apos;{&quot;error&quot;: &quot;Not Found&quot;}\n&apos;}}}, &apos;securedBy&apos;: &apos;JWT&apos;}, ...} = &lt;built-in method get of dict object at 0x03D323E8&gt;(&apos;/{id}/events&apos;)
 +                where &lt;built-in method get of dict object at 0x03D323E8&gt; = {&apos;/{id}&apos;: {&apos;delete&apos;: {&apos;description&apos;: &apos;Exclui um agent por ID&apos;, &apos;responses&apos;: {200: {&apos;body&apos;: {&apos;application/json&apos;: &apos;Agent...json&apos;: &apos;Agent[]&apos;}}, 401: {&apos;body&apos;: {&apos;application/json&apos;: &apos;{&quot;error&quot;: &quot;Authorization Required&quot;}\n&apos;}}}, &apos;securedBy&apos;: &apos;JWT&apos;}}.get
 +                  where {&apos;/{id}&apos;: {&apos;delete&apos;: {&apos;description&apos;: &apos;Exclui um agent por ID&apos;, &apos;responses&apos;: {200: {&apos;body&apos;: {&apos;application/json&apos;: &apos;Agent...json&apos;: &apos;Agent[]&apos;}}, 401: {&apos;body&apos;: {&apos;application/json&apos;: &apos;{&quot;error&quot;: &quot;Authorization Required&quot;}\n&apos;}}}, &apos;securedBy&apos;: &apos;JWT&apos;}} = &lt;built-in method get of dict object at 0x03972C80&gt;(&apos;/agents&apos;)
 +                    where &lt;built-in method get of dict object at 0x03972C80&gt; = {&apos;/agents&apos;: {&apos;/{id}&apos;: {&apos;delete&apos;: {&apos;description&apos;: &apos;Exclui um agent por ID&apos;, &apos;responses&apos;: {200: {&apos;body&apos;: {...}}, 401: {&apos;...orization Required&quot;}\n&apos;}}, 404: {&apos;body&apos;: {&apos;application/json&apos;: &apos;{&quot;error&quot;: &quot;Not Found&quot;}\n&apos;}}}, &apos;securedBy&apos;: &apos;JWT&apos;}}, ...}.get">E   assert None
     +  where None = &lt;built-in method get of dict object at 0x038B4398&gt;(200)
     +    where &lt;built-in method get of dict object at 0x038B4398&gt; = {&apos;application/json&apos;: &apos;Event[]&apos;}.get
     +      where {&apos;application/json&apos;: &apos;Event[]&apos;} = &lt;built-in method get of dict object at 0x038CAB90&gt;(&apos;body&apos;)
     +        where &lt;built-in method get of dict object at 0x038CAB90&gt; = {&apos;body&apos;: {&apos;application/json&apos;: &apos;Event[]&apos;}, &apos;description&apos;: &apos;Altera um Evento de um Agent&apos;, &apos;responses&apos;: {200: {&apos;body&apos;: {...: &quot;Authorization Required&quot;}\n&apos;}}, 404: {&apos;body&apos;: {&apos;application/json&apos;: &apos;{&quot;error&quot;: &quot;Not Found&quot;}\n&apos;}}}, &apos;securedBy&apos;: &apos;JWT&apos;}.get
     +          where {&apos;body&apos;: {&apos;application/json&apos;: &apos;Event[]&apos;}, &apos;description&apos;: &apos;Altera um Evento de um Agent&apos;, &apos;responses&apos;: {200: {&apos;body&apos;: {...: &quot;Authorization Required&quot;}\n&apos;}}, 404: {&apos;body&apos;: {&apos;application/json&apos;: &apos;{&quot;error&quot;: &quot;Not Found&quot;}\n&apos;}}}, &apos;securedBy&apos;: &apos;JWT&apos;} = &lt;built-in method get of dict object at 0x038C6280&gt;(&apos;put&apos;)
     +            where &lt;built-in method get of dict object at 0x038C6280&gt; = {&apos;/{id}&apos;: {&apos;delete&apos;: {&apos;body&apos;: {&apos;application/json&apos;: &apos;Event[]&apos;}, &apos;description&apos;: &apos;Exclui um Evento de um Agent&apos;, &apos;respons...horization Required&quot;}\n&apos;}}, 404: {&apos;body&apos;: {&apos;application/json&apos;: &apos;{&quot;error&quot;: &quot;Not Found&quot;}\n&apos;}}}, &apos;securedBy&apos;: &apos;JWT&apos;}, ...}.get
     +              where {&apos;/{id}&apos;: {&apos;delete&apos;: {&apos;body&apos;: {&apos;application/json&apos;: &apos;Event[]&apos;}, &apos;description&apos;: &apos;Exclui um Evento de um Agent&apos;, &apos;respons...horization Required&quot;}\n&apos;}}, 404: {&apos;body&apos;: {&apos;application/json&apos;: &apos;{&quot;error&quot;: &quot;Not Found&quot;}\n&apos;}}}, &apos;securedBy&apos;: &apos;JWT&apos;}, ...} = &lt;built-in method get of dict object at 0x03D323E8&gt;(&apos;/{id}/events&apos;)
     +                where &lt;built-in method get of dict object at 0x03D323E8&gt; = {&apos;/{id}&apos;: {&apos;delete&apos;: {&apos;description&apos;: &apos;Exclui um agent por ID&apos;, &apos;responses&apos;: {200: {&apos;body&apos;: {&apos;application/json&apos;: &apos;Agent...json&apos;: &apos;Agent[]&apos;}}, 401: {&apos;body&apos;: {&apos;application/json&apos;: &apos;{&quot;error&quot;: &quot;Authorization Required&quot;}\n&apos;}}}, &apos;securedBy&apos;: &apos;JWT&apos;}}.get
     +                  where {&apos;/{id}&apos;: {&apos;delete&apos;: {&apos;description&apos;: &apos;Exclui um agent por ID&apos;, &apos;responses&apos;: {200: {&apos;body&apos;: {&apos;application/json&apos;: &apos;Agent...json&apos;: &apos;Agent[]&apos;}}, 401: {&apos;body&apos;: {&apos;application/json&apos;: &apos;{&quot;error&quot;: &quot;Authorization Required&quot;}\n&apos;}}}, &apos;securedBy&apos;: &apos;JWT&apos;}} = &lt;built-in method get of dict object at 0x03972C80&gt;(&apos;/agents&apos;)
     +                    where &lt;built-in method get of dict object at 0x03972C80&gt; = {&apos;/agents&apos;: {&apos;/{id}&apos;: {&apos;delete&apos;: {&apos;description&apos;: &apos;Exclui um agent por ID&apos;, &apos;responses&apos;: {200: {&apos;body&apos;: {...}}, 401: {&apos;...orization Required&quot;}\n&apos;}}, 404: {&apos;body&apos;: {&apos;application/json&apos;: &apos;{&quot;error&quot;: &quot;Not Found&quot;}\n&apos;}}}, &apos;securedBy&apos;: &apos;JWT&apos;}}, ...}.get</failure></testcase><testcase classname="test_submit" file="test_submit.py" line="572" name="test_2855" time="0.004997730255126953"><failure message="assert None
 +  where None = &lt;built-in method get of dict object at 0x038B4398&gt;(401)
 +    where &lt;built-in method get of dict object at 0x038B4398&gt; = {&apos;application/json&apos;: &apos;Event[]&apos;}.get
 +      where {&apos;application/json&apos;: &apos;Event[]&apos;} = &lt;built-in method get of dict object at 0x038CAB90&gt;(&apos;body&apos;)
 +        where &lt;built-in method get of dict object at 0x038CAB90&gt; = {&apos;body&apos;: {&apos;application/json&apos;: &apos;Event[]&apos;}, &apos;description&apos;: &apos;Altera um Evento de um Agent&apos;, &apos;responses&apos;: {200: {&apos;body&apos;: {...: &quot;Authorization Required&quot;}\n&apos;}}, 404: {&apos;body&apos;: {&apos;application/json&apos;: &apos;{&quot;error&quot;: &quot;Not Found&quot;}\n&apos;}}}, &apos;securedBy&apos;: &apos;JWT&apos;}.get
 +          where {&apos;body&apos;: {&apos;application/json&apos;: &apos;Event[]&apos;}, &apos;description&apos;: &apos;Altera um Evento de um Agent&apos;, &apos;responses&apos;: {200: {&apos;body&apos;: {...: &quot;Authorization Required&quot;}\n&apos;}}, 404: {&apos;body&apos;: {&apos;application/json&apos;: &apos;{&quot;error&quot;: &quot;Not Found&quot;}\n&apos;}}}, &apos;securedBy&apos;: &apos;JWT&apos;} = &lt;built-in method get of dict object at 0x038C6280&gt;(&apos;put&apos;)
 +            where &lt;built-in method get of dict object at 0x038C6280&gt; = {&apos;/{id}&apos;: {&apos;delete&apos;: {&apos;body&apos;: {&apos;application/json&apos;: &apos;Event[]&apos;}, &apos;description&apos;: &apos;Exclui um Evento de um Agent&apos;, &apos;respons...horization Required&quot;}\n&apos;}}, 404: {&apos;body&apos;: {&apos;application/json&apos;: &apos;{&quot;error&quot;: &quot;Not Found&quot;}\n&apos;}}}, &apos;securedBy&apos;: &apos;JWT&apos;}, ...}.get
 +              where {&apos;/{id}&apos;: {&apos;delete&apos;: {&apos;body&apos;: {&apos;application/json&apos;: &apos;Event[]&apos;}, &apos;description&apos;: &apos;Exclui um Evento de um Agent&apos;, &apos;respons...horization Required&quot;}\n&apos;}}, 404: {&apos;body&apos;: {&apos;application/json&apos;: &apos;{&quot;error&quot;: &quot;Not Found&quot;}\n&apos;}}}, &apos;securedBy&apos;: &apos;JWT&apos;}, ...} = &lt;built-in method get of dict object at 0x03D323E8&gt;(&apos;/{id}/events&apos;)
 +                where &lt;built-in method get of dict object at 0x03D323E8&gt; = {&apos;/{id}&apos;: {&apos;delete&apos;: {&apos;description&apos;: &apos;Exclui um agent por ID&apos;, &apos;responses&apos;: {200: {&apos;body&apos;: {&apos;application/json&apos;: &apos;Agent...json&apos;: &apos;Agent[]&apos;}}, 401: {&apos;body&apos;: {&apos;application/json&apos;: &apos;{&quot;error&quot;: &quot;Authorization Required&quot;}\n&apos;}}}, &apos;securedBy&apos;: &apos;JWT&apos;}}.get
 +                  where {&apos;/{id}&apos;: {&apos;delete&apos;: {&apos;description&apos;: &apos;Exclui um agent por ID&apos;, &apos;responses&apos;: {200: {&apos;body&apos;: {&apos;application/json&apos;: &apos;Agent...json&apos;: &apos;Agent[]&apos;}}, 401: {&apos;body&apos;: {&apos;application/json&apos;: &apos;{&quot;error&quot;: &quot;Authorization Required&quot;}\n&apos;}}}, &apos;securedBy&apos;: &apos;JWT&apos;}} = &lt;built-in method get of dict object at 0x03972C80&gt;(&apos;/agents&apos;)
 +                    where &lt;built-in method get of dict object at 0x03972C80&gt; = {&apos;/agents&apos;: {&apos;/{id}&apos;: {&apos;delete&apos;: {&apos;description&apos;: &apos;Exclui um agent por ID&apos;, &apos;responses&apos;: {200: {&apos;body&apos;: {...}}, 401: {&apos;...orization Required&quot;}\n&apos;}}, 404: {&apos;body&apos;: {&apos;application/json&apos;: &apos;{&quot;error&quot;: &quot;Not Found&quot;}\n&apos;}}}, &apos;securedBy&apos;: &apos;JWT&apos;}}, ...}.get">E   assert None
     +  where None = &lt;built-in method get of dict object at 0x038B4398&gt;(401)
     +    where &lt;built-in method get of dict object at 0x038B4398&gt; = {&apos;application/json&apos;: &apos;Event[]&apos;}.get
     +      where {&apos;application/json&apos;: &apos;Event[]&apos;} = &lt;built-in method get of dict object at 0x038CAB90&gt;(&apos;body&apos;)
     +        where &lt;built-in method get of dict object at 0x038CAB90&gt; = {&apos;body&apos;: {&apos;application/json&apos;: &apos;Event[]&apos;}, &apos;description&apos;: &apos;Altera um Evento de um Agent&apos;, &apos;responses&apos;: {200: {&apos;body&apos;: {...: &quot;Authorization Required&quot;}\n&apos;}}, 404: {&apos;body&apos;: {&apos;application/json&apos;: &apos;{&quot;error&quot;: &quot;Not Found&quot;}\n&apos;}}}, &apos;securedBy&apos;: &apos;JWT&apos;}.get
     +          where {&apos;body&apos;: {&apos;application/json&apos;: &apos;Event[]&apos;}, &apos;description&apos;: &apos;Altera um Evento de um Agent&apos;, &apos;responses&apos;: {200: {&apos;body&apos;: {...: &quot;Authorization Required&quot;}\n&apos;}}, 404: {&apos;body&apos;: {&apos;application/json&apos;: &apos;{&quot;error&quot;: &quot;Not Found&quot;}\n&apos;}}}, &apos;securedBy&apos;: &apos;JWT&apos;} = &lt;built-in method get of dict object at 0x038C6280&gt;(&apos;put&apos;)
     +            where &lt;built-in method get of dict object at 0x038C6280&gt; = {&apos;/{id}&apos;: {&apos;delete&apos;: {&apos;body&apos;: {&apos;application/json&apos;: &apos;Event[]&apos;}, &apos;description&apos;: &apos;Exclui um Evento de um Agent&apos;, &apos;respons...horization Required&quot;}\n&apos;}}, 404: {&apos;body&apos;: {&apos;application/json&apos;: &apos;{&quot;error&quot;: &quot;Not Found&quot;}\n&apos;}}}, &apos;securedBy&apos;: &apos;JWT&apos;}, ...}.get
     +              where {&apos;/{id}&apos;: {&apos;delete&apos;: {&apos;body&apos;: {&apos;application/json&apos;: &apos;Event[]&apos;}, &apos;description&apos;: &apos;Exclui um Evento de um Agent&apos;, &apos;respons...horization Required&quot;}\n&apos;}}, 404: {&apos;body&apos;: {&apos;application/json&apos;: &apos;{&quot;error&quot;: &quot;Not Found&quot;}\n&apos;}}}, &apos;securedBy&apos;: &apos;JWT&apos;}, ...} = &lt;built-in method get of dict object at 0x03D323E8&gt;(&apos;/{id}/events&apos;)
     +                where &lt;built-in method get of dict object at 0x03D323E8&gt; = {&apos;/{id}&apos;: {&apos;delete&apos;: {&apos;description&apos;: &apos;Exclui um agent por ID&apos;, &apos;responses&apos;: {200: {&apos;body&apos;: {&apos;application/json&apos;: &apos;Agent...json&apos;: &apos;Agent[]&apos;}}, 401: {&apos;body&apos;: {&apos;application/json&apos;: &apos;{&quot;error&quot;: &quot;Authorization Required&quot;}\n&apos;}}}, &apos;securedBy&apos;: &apos;JWT&apos;}}.get
     +                  where {&apos;/{id}&apos;: {&apos;delete&apos;: {&apos;description&apos;: &apos;Exclui um agent por ID&apos;, &apos;responses&apos;: {200: {&apos;body&apos;: {&apos;application/json&apos;: &apos;Agent...json&apos;: &apos;Agent[]&apos;}}, 401: {&apos;body&apos;: {&apos;application/json&apos;: &apos;{&quot;error&quot;: &quot;Authorization Required&quot;}\n&apos;}}}, &apos;securedBy&apos;: &apos;JWT&apos;}} = &lt;built-in method get of dict object at 0x03972C80&gt;(&apos;/agents&apos;)
     +                    where &lt;built-in method get of dict object at 0x03972C80&gt; = {&apos;/agents&apos;: {&apos;/{id}&apos;: {&apos;delete&apos;: {&apos;description&apos;: &apos;Exclui um agent por ID&apos;, &apos;responses&apos;: {200: {&apos;body&apos;: {...}}, 401: {&apos;...orization Required&quot;}\n&apos;}}, 404: {&apos;body&apos;: {&apos;application/json&apos;: &apos;{&quot;error&quot;: &quot;Not Found&quot;}\n&apos;}}}, &apos;securedBy&apos;: &apos;JWT&apos;}}, ...}.get</failure></testcase><testcase classname="test_submit" file="test_submit.py" line="576" name="test_2450" time="0.0049970149993896484"><failure message="assert None
 +  where None = &lt;built-in method get of dict object at 0x038B4398&gt;(404)
 +    where &lt;built-in method get of dict object at 0x038B4398&gt; = {&apos;application/json&apos;: &apos;Event[]&apos;}.get
 +      where {&apos;application/json&apos;: &apos;Event[]&apos;} = &lt;built-in method get of dict object at 0x038CAB90&gt;(&apos;body&apos;)
 +        where &lt;built-in method get of dict object at 0x038CAB90&gt; = {&apos;body&apos;: {&apos;application/json&apos;: &apos;Event[]&apos;}, &apos;description&apos;: &apos;Altera um Evento de um Agent&apos;, &apos;responses&apos;: {200: {&apos;body&apos;: {...: &quot;Authorization Required&quot;}\n&apos;}}, 404: {&apos;body&apos;: {&apos;application/json&apos;: &apos;{&quot;error&quot;: &quot;Not Found&quot;}\n&apos;}}}, &apos;securedBy&apos;: &apos;JWT&apos;}.get
 +          where {&apos;body&apos;: {&apos;application/json&apos;: &apos;Event[]&apos;}, &apos;description&apos;: &apos;Altera um Evento de um Agent&apos;, &apos;responses&apos;: {200: {&apos;body&apos;: {...: &quot;Authorization Required&quot;}\n&apos;}}, 404: {&apos;body&apos;: {&apos;application/json&apos;: &apos;{&quot;error&quot;: &quot;Not Found&quot;}\n&apos;}}}, &apos;securedBy&apos;: &apos;JWT&apos;} = &lt;built-in method get of dict object at 0x038C6280&gt;(&apos;put&apos;)
 +            where &lt;built-in method get of dict object at 0x038C6280&gt; = {&apos;/{id}&apos;: {&apos;delete&apos;: {&apos;body&apos;: {&apos;application/json&apos;: &apos;Event[]&apos;}, &apos;description&apos;: &apos;Exclui um Evento de um Agent&apos;, &apos;respons...horization Required&quot;}\n&apos;}}, 404: {&apos;body&apos;: {&apos;application/json&apos;: &apos;{&quot;error&quot;: &quot;Not Found&quot;}\n&apos;}}}, &apos;securedBy&apos;: &apos;JWT&apos;}, ...}.get
 +              where {&apos;/{id}&apos;: {&apos;delete&apos;: {&apos;body&apos;: {&apos;application/json&apos;: &apos;Event[]&apos;}, &apos;description&apos;: &apos;Exclui um Evento de um Agent&apos;, &apos;respons...horization Required&quot;}\n&apos;}}, 404: {&apos;body&apos;: {&apos;application/json&apos;: &apos;{&quot;error&quot;: &quot;Not Found&quot;}\n&apos;}}}, &apos;securedBy&apos;: &apos;JWT&apos;}, ...} = &lt;built-in method get of dict object at 0x03D323E8&gt;(&apos;/{id}/events&apos;)
 +                where &lt;built-in method get of dict object at 0x03D323E8&gt; = {&apos;/{id}&apos;: {&apos;delete&apos;: {&apos;description&apos;: &apos;Exclui um agent por ID&apos;, &apos;responses&apos;: {200: {&apos;body&apos;: {&apos;application/json&apos;: &apos;Agent...json&apos;: &apos;Agent[]&apos;}}, 401: {&apos;body&apos;: {&apos;application/json&apos;: &apos;{&quot;error&quot;: &quot;Authorization Required&quot;}\n&apos;}}}, &apos;securedBy&apos;: &apos;JWT&apos;}}.get
 +                  where {&apos;/{id}&apos;: {&apos;delete&apos;: {&apos;description&apos;: &apos;Exclui um agent por ID&apos;, &apos;responses&apos;: {200: {&apos;body&apos;: {&apos;application/json&apos;: &apos;Agent...json&apos;: &apos;Agent[]&apos;}}, 401: {&apos;body&apos;: {&apos;application/json&apos;: &apos;{&quot;error&quot;: &quot;Authorization Required&quot;}\n&apos;}}}, &apos;securedBy&apos;: &apos;JWT&apos;}} = &lt;built-in method get of dict object at 0x03972C80&gt;(&apos;/agents&apos;)
 +                    where &lt;built-in method get of dict object at 0x03972C80&gt; = {&apos;/agents&apos;: {&apos;/{id}&apos;: {&apos;delete&apos;: {&apos;description&apos;: &apos;Exclui um agent por ID&apos;, &apos;responses&apos;: {200: {&apos;body&apos;: {...}}, 401: {&apos;...orization Required&quot;}\n&apos;}}, 404: {&apos;body&apos;: {&apos;application/json&apos;: &apos;{&quot;error&quot;: &quot;Not Found&quot;}\n&apos;}}}, &apos;securedBy&apos;: &apos;JWT&apos;}}, ...}.get">E   assert None
     +  where None = &lt;built-in method get of dict object at 0x038B4398&gt;(404)
     +    where &lt;built-in method get of dict object at 0x038B4398&gt; = {&apos;application/json&apos;: &apos;Event[]&apos;}.get
     +      where {&apos;application/json&apos;: &apos;Event[]&apos;} = &lt;built-in method get of dict object at 0x038CAB90&gt;(&apos;body&apos;)
     +        where &lt;built-in method get of dict object at 0x038CAB90&gt; = {&apos;body&apos;: {&apos;application/json&apos;: &apos;Event[]&apos;}, &apos;description&apos;: &apos;Altera um Evento de um Agent&apos;, &apos;responses&apos;: {200: {&apos;body&apos;: {...: &quot;Authorization Required&quot;}\n&apos;}}, 404: {&apos;body&apos;: {&apos;application/json&apos;: &apos;{&quot;error&quot;: &quot;Not Found&quot;}\n&apos;}}}, &apos;securedBy&apos;: &apos;JWT&apos;}.get
     +          where {&apos;body&apos;: {&apos;application/json&apos;: &apos;Event[]&apos;}, &apos;description&apos;: &apos;Altera um Evento de um Agent&apos;, &apos;responses&apos;: {200: {&apos;body&apos;: {...: &quot;Authorization Required&quot;}\n&apos;}}, 404: {&apos;body&apos;: {&apos;application/json&apos;: &apos;{&quot;error&quot;: &quot;Not Found&quot;}\n&apos;}}}, &apos;securedBy&apos;: &apos;JWT&apos;} = &lt;built-in method get of dict object at 0x038C6280&gt;(&apos;put&apos;)
     +            where &lt;built-in method get of dict object at 0x038C6280&gt; = {&apos;/{id}&apos;: {&apos;delete&apos;: {&apos;body&apos;: {&apos;application/json&apos;: &apos;Event[]&apos;}, &apos;description&apos;: &apos;Exclui um Evento de um Agent&apos;, &apos;respons...horization Required&quot;}\n&apos;}}, 404: {&apos;body&apos;: {&apos;application/json&apos;: &apos;{&quot;error&quot;: &quot;Not Found&quot;}\n&apos;}}}, &apos;securedBy&apos;: &apos;JWT&apos;}, ...}.get
     +              where {&apos;/{id}&apos;: {&apos;delete&apos;: {&apos;body&apos;: {&apos;application/json&apos;: &apos;Event[]&apos;}, &apos;description&apos;: &apos;Exclui um Evento de um Agent&apos;, &apos;respons...horization Required&quot;}\n&apos;}}, 404: {&apos;body&apos;: {&apos;application/json&apos;: &apos;{&quot;error&quot;: &quot;Not Found&quot;}\n&apos;}}}, &apos;securedBy&apos;: &apos;JWT&apos;}, ...} = &lt;built-in method get of dict object at 0x03D323E8&gt;(&apos;/{id}/events&apos;)
     +                where &lt;built-in method get of dict object at 0x03D323E8&gt; = {&apos;/{id}&apos;: {&apos;delete&apos;: {&apos;description&apos;: &apos;Exclui um agent por ID&apos;, &apos;responses&apos;: {200: {&apos;body&apos;: {&apos;application/json&apos;: &apos;Agent...json&apos;: &apos;Agent[]&apos;}}, 401: {&apos;body&apos;: {&apos;application/json&apos;: &apos;{&quot;error&quot;: &quot;Authorization Required&quot;}\n&apos;}}}, &apos;securedBy&apos;: &apos;JWT&apos;}}.get
     +                  where {&apos;/{id}&apos;: {&apos;delete&apos;: {&apos;description&apos;: &apos;Exclui um agent por ID&apos;, &apos;responses&apos;: {200: {&apos;body&apos;: {&apos;application/json&apos;: &apos;Agent...json&apos;: &apos;Agent[]&apos;}}, 401: {&apos;body&apos;: {&apos;application/json&apos;: &apos;{&quot;error&quot;: &quot;Authorization Required&quot;}\n&apos;}}}, &apos;securedBy&apos;: &apos;JWT&apos;}} = &lt;built-in method get of dict object at 0x03972C80&gt;(&apos;/agents&apos;)
     +                    where &lt;built-in method get of dict object at 0x03972C80&gt; = {&apos;/agents&apos;: {&apos;/{id}&apos;: {&apos;delete&apos;: {&apos;description&apos;: &apos;Exclui um agent por ID&apos;, &apos;responses&apos;: {200: {&apos;body&apos;: {...}}, 401: {&apos;...orization Required&quot;}\n&apos;}}, 404: {&apos;body&apos;: {&apos;application/json&apos;: &apos;{&quot;error&quot;: &quot;Not Found&quot;}\n&apos;}}}, &apos;securedBy&apos;: &apos;JWT&apos;}}, ...}.get</failure></testcase><testcase classname="test_submit" file="test_submit.py" line="580" name="test_1064" time="0.0"></testcase><testcase classname="test_submit" file="test_submit.py" line="584" name="test_2410" time="0.0010008811950683594"></testcase><testcase classname="test_submit" file="test_submit.py" line="588" name="test_2445" time="0.0019989013671875"></testcase><testcase classname="test_submit" file="test_submit.py" line="592" name="test_2760" time="0.0019991397857666016"></testcase><testcase classname="test_submit" file="test_submit.py" line="596" name="test_2550" time="0.0009989738464355469"></testcase><testcase classname="test_submit" file="test_submit.py" line="600" name="test_2420" time="0.0059947967529296875"><failure message="assert None
 +  where None = &lt;built-in method get of dict object at 0x038B43E8&gt;(200)
 +    where &lt;built-in method get of dict object at 0x038B43E8&gt; = {&apos;application/json&apos;: &apos;Event[]&apos;}.get
 +      where {&apos;application/json&apos;: &apos;Event[]&apos;} = &lt;built-in method get of dict object at 0x038CABB8&gt;(&apos;body&apos;)
[...]
 +  where None = &lt;built-in method get of dict object at 0x038CAD98&gt;(&apos;application/json&apos;)
 +    where &lt;built-in method get of dict object at 0x038CAD98&gt; = {&apos;type&apos;: &apos;User&apos;}.get
 +      where {&apos;type&apos;: &apos;User&apos;} = &lt;built-in method get of dict object at 0x038CA7F8&gt;(&apos;body&apos;)
 +        where &lt;built-in method get of dict object at 0x038CA7F8&gt; = {&apos;body&apos;: {&apos;type&apos;: &apos;User&apos;}, &apos;description&apos;: &apos;Cria um novo usuário&apos;, &apos;responses&apos;: {201: {&apos;body&apos;: {&apos;application/json&apos;: &apos;Us...: &quot;Authorization Required&quot;}\n&apos;}}, 404: {&apos;body&apos;: {&apos;application/json&apos;: &apos;{&quot;error&quot;: &quot;Not Found&quot;}\n&apos;}}}, &apos;securedBy&apos;: &apos;JWT&apos;}.get
 +          where {&apos;body&apos;: {&apos;type&apos;: &apos;User&apos;}, &apos;description&apos;: &apos;Cria um novo usuário&apos;, &apos;responses&apos;: {201: {&apos;body&apos;: {&apos;application/json&apos;: &apos;Us...: &quot;Authorization Required&quot;}\n&apos;}}, 404: {&apos;body&apos;: {&apos;application/json&apos;: &apos;{&quot;error&quot;: &quot;Not Found&quot;}\n&apos;}}}, &apos;securedBy&apos;: &apos;JWT&apos;} = &lt;built-in method get of dict object at 0x038CD2F8&gt;(&apos;post&apos;)
 +            where &lt;built-in method get of dict object at 0x038CD2F8&gt; = {&apos;/{id}&apos;: {&apos;delete&apos;: {&apos;description&apos;: &apos;Exclui um usuário por ID&apos;, &apos;responses&apos;: {200: {&apos;body&apos;: {&apos;application/json&apos;: &apos;Use... &quot;Authorization Required&quot;}\n&apos;}}, 404: {&apos;body&apos;: {&apos;application/json&apos;: &apos;{&quot;error&quot;: &quot;Not Found&quot;}\n&apos;}}}, &apos;securedBy&apos;: &apos;JWT&apos;}}.get
 +              where {&apos;/{id}&apos;: {&apos;delete&apos;: {&apos;description&apos;: &apos;Exclui um usuário por ID&apos;, &apos;responses&apos;: {200: {&apos;body&apos;: {&apos;application/json&apos;: &apos;Use... &quot;Authorization Required&quot;}\n&apos;}}, 404: {&apos;body&apos;: {&apos;application/json&apos;: &apos;{&quot;error&quot;: &quot;Not Found&quot;}\n&apos;}}}, &apos;securedBy&apos;: &apos;JWT&apos;}} = &lt;built-in method get of dict object at 0x03972C80&gt;(&apos;/users&apos;)
 +                where &lt;built-in method get of dict object at 0x03972C80&gt; = {&apos;/agents&apos;: {&apos;/{id}&apos;: {&apos;delete&apos;: {&apos;description&apos;: &apos;Exclui um agent por ID&apos;, &apos;responses&apos;: {200: {&apos;body&apos;: {...}}, 401: {&apos;...orization Required&quot;}\n&apos;}}, 404: {&apos;body&apos;: {&apos;application/json&apos;: &apos;{&quot;error&quot;: &quot;Not Found&quot;}\n&apos;}}}, &apos;securedBy&apos;: &apos;JWT&apos;}}, ...}.get">E   assert None
     +  where None = &lt;built-in method get of dict object at 0x038CAD98&gt;(&apos;application/json&apos;)
     +    where &lt;built-in method get of dict object at 0x038CAD98&gt; = {&apos;type&apos;: &apos;User&apos;}.get
     +      where {&apos;type&apos;: &apos;User&apos;} = &lt;built-in method get of dict object at 0x038CA7F8&gt;(&apos;body&apos;)
     +        where &lt;built-in method get of dict object at 0x038CA7F8&gt; = {&apos;body&apos;: {&apos;type&apos;: &apos;User&apos;}, &apos;description&apos;: &apos;Cria um novo usuário&apos;, &apos;responses&apos;: {201: {&apos;body&apos;: {&apos;application/json&apos;: &apos;Us...: &quot;Authorization Required&quot;}\n&apos;}}, 404: {&apos;body&apos;: {&apos;application/json&apos;: &apos;{&quot;error&quot;: &quot;Not Found&quot;}\n&apos;}}}, &apos;securedBy&apos;: &apos;JWT&apos;}.get
     +          where {&apos;body&apos;: {&apos;type&apos;: &apos;User&apos;}, &apos;description&apos;: &apos;Cria um novo usuário&apos;, &apos;responses&apos;: {201: {&apos;body&apos;: {&apos;application/json&apos;: &apos;Us...: &quot;Authorization Required&quot;}\n&apos;}}, 404: {&apos;body&apos;: {&apos;application/json&apos;: &apos;{&quot;error&quot;: &quot;Not Found&quot;}\n&apos;}}}, &apos;securedBy&apos;: &apos;JWT&apos;} = &lt;built-in method get of dict object at 0x038CD2F8&gt;(&apos;post&apos;)
     +            where &lt;built-in method get of dict object at 0x038CD2F8&gt; = {&apos;/{id}&apos;: {&apos;delete&apos;: {&apos;description&apos;: &apos;Exclui um usuário por ID&apos;, &apos;responses&apos;: {200: {&apos;body&apos;: {&apos;application/json&apos;: &apos;Use... &quot;Authorization Required&quot;}\n&apos;}}, 404: {&apos;body&apos;: {&apos;application/json&apos;: &apos;{&quot;error&quot;: &quot;Not Found&quot;}\n&apos;}}}, &apos;securedBy&apos;: &apos;JWT&apos;}}.get
     +              where {&apos;/{id}&apos;: {&apos;delete&apos;: {&apos;description&apos;: &apos;Exclui um usuário por ID&apos;, &apos;responses&apos;: {200: {&apos;body&apos;: {&apos;application/json&apos;: &apos;Use... &quot;Authorization Required&quot;}\n&apos;}}, 404: {&apos;body&apos;: {&apos;application/json&apos;: &apos;{&quot;error&quot;: &quot;Not Found&quot;}\n&apos;}}}, &apos;securedBy&apos;: &apos;JWT&apos;}} = &lt;built-in method get of dict object at 0x03972C80&gt;(&apos;/users&apos;)
     +                where &lt;built-in method get of dict object at 0x03972C80&gt; = {&apos;/agents&apos;: {&apos;/{id}&apos;: {&apos;delete&apos;: {&apos;description&apos;: &apos;Exclui um agent por ID&apos;, &apos;responses&apos;: {200: {&apos;body&apos;: {...}}, 401: {&apos;...orization Required&quot;}\n&apos;}}, 404: {&apos;body&apos;: {&apos;application/json&apos;: &apos;{&quot;error&quot;: &quot;Not Found&quot;}\n&apos;}}}, &apos;securedBy&apos;: &apos;JWT&apos;}}, ...}.get</failure></testcase><testcase classname="test_submit" file="test_submit.py" line="632" name="test_2650" time="0.0"><failure message="AttributeError: &apos;NoneType&apos; object has no attribute &apos;get&apos;">E   AttributeError: &apos;NoneType&apos; object has no attribute &apos;get&apos;</failure></testcase><testcase classname="test_submit" file="test_submit.py" line="636" name="test_1610" time="0.0"></testcase><testcase classname="test_submit" file="test_submit.py" line="644" name="test_2025" time="0.0"></testcase><testcase classname="test_submit" file="test_submit.py" line="648" name="test_2875" time="0.0009999275207519531"></testcase><testcase classname="test_submit" file="test_submit.py" line="652" name="test_2775" time="0.00099945068359375"></testcase><testcase classname="test_submit" file="test_submit.py" line="656" name="test_62" time="0.0"></testcase><testcase classname="test_submit" file="test_submit.py" line="660" name="test_1160" time="0.0"></testcase><testcase classname="test_submit" file="test_submit.py" line="664" name="test_1013" time="0.0"></testcase><testcase classname="test_submit" file="test_submit.py" line="672" name="test_2125" time="0.0009996891021728516"></testcase><testcase classname="test_submit" file="test_submit.py" line="676" name="test_2740" time="0.0020003318786621094"></testcase><testcase classname="test_submit" file="test_submit.py" line="684" name="test_1841" time="0.000997304916381836"></testcase><testcase classname="test_submit" file="test_submit.py" line="688" name="test_2275" time="0.0"></testcase><testcase classname="test_submit" file="test_submit.py" line="692" name="test_2520" time="0.0010001659393310547"></testcase><testcase classname="test_submit" file="test_submit.py" line="696" name="test_2425" time="0.001001596450805664"></testcase><testcase classname="test_submit" file="test_submit.py" line="700" name="test_2505" time="0.0009927749633789062"></testcase><testcase classname="test_submit" file="test_submit.py" line="704" name="test_2115" time="0.0"></testcase><testcase classname="test_submit" file="test_submit.py" line="708" name="test_2300" time="0.0"></testcase><testcase classname="test_submit" file="test_submit.py" line="712" name="test_1229" time="0.0"></testcase><testcase classname="test_submit" file="test_submit.py" line="716" name="test_2350" time="0.0009987354278564453"></testcase><testcase classname="test_submit" file="test_submit.py" line="720" name="test_2935" time="0.002004384994506836"></testcase><testcase classname="test_submit" file="test_submit.py" line="724" name="test_2205" time="0.0009989738464355469"></testcase><testcase classname="test_submit" file="test_submit.py" line="732" name="test_2470" time="0.0009987354278564453"></testcase><testcase classname="test_submit" file="test_submit.py" line="736" name="test_2940" time="0.0009992122650146484"></testcase><testcase classname="test_submit" file="test_submit.py" line="740" name="test_1535" time="0.0009992122650146484"></testcase><testcase classname="test_submit" file="test_submit.py" line="748" name="test_2860" time="0.0009996891021728516"></testcase><testcase classname="test_submit" file="test_submit.py" line="752" name="test_2310" time="0.0"></testcase><testcase classname="test_submit" file="test_submit.py" line="756" name="test_2335" time="0.0009999275207519531"></testcase><testcase classname="test_submit" file="test_submit.py" line="760" name="test_2910" time="0.00099945068359375"></testcase><testcase classname="test_submit" file="test_submit.py" line="764" name="test_2225" time="0.00099945068359375"></testcase><testcase classname="test_submit" file="test_submit.py" line="768" name="test_442" time="0.0009987354278564453"></testcase><testcase classname="test_submit" file="test_submit.py" line="772" name="test_1103" time="0.0009992122650146484"></testcase><testcase classname="test_submit" file="test_submit.py" line="776" name="test_1676" time="0.001998424530029297"></testcase><testcase classname="test_submit" file="test_submit.py" line="780" name="test_1523" time="0.0009992122650146484"></testcase><testcase classname="test_submit" file="test_submit.py" line="784" name="test_2375" time="0.0039975643157958984"><failure message="assert None
 +  where None = &lt;built-in method get of dict object at 0x038CAC30&gt;(&apos;application/json&apos;)
 +    where &lt;built-in method get of dict object at 0x038CAC30&gt; = {&apos;type&apos;: &apos;Group&apos;}.get
 +      where {&apos;type&apos;: &apos;Group&apos;} = &lt;built-in method get of dict object at 0x038CDA50&gt;(&apos;body&apos;)
 +        where &lt;built-in method get of dict object at 0x038CDA50&gt; = {&apos;body&apos;: {&apos;type&apos;: &apos;Group&apos;}, &apos;description&apos;: &apos;Cria um novo grupo&apos;, &apos;responses&apos;: {201: {&apos;body&apos;: {&apos;application/json&apos;: &apos;Gro...: &quot;Authorization Required&quot;}\n&apos;}}, 404: {&apos;body&apos;: {&apos;application/json&apos;: &apos;{&quot;error&quot;: &quot;Not Found&quot;}\n&apos;}}}, &apos;securedBy&apos;: &apos;JWT&apos;}.get
 +          where {&apos;body&apos;: {&apos;type&apos;: &apos;Group&apos;}, &apos;description&apos;: &apos;Cria um novo grupo&apos;, &apos;responses&apos;: {201: {&apos;body&apos;: {&apos;application/json&apos;: &apos;Gro...: &quot;Authorization Required&quot;}\n&apos;}}, 404: {&apos;body&apos;: {&apos;application/json&apos;: &apos;{&quot;error&quot;: &quot;Not Found&quot;}\n&apos;}}}, &apos;securedBy&apos;: &apos;JWT&apos;} = &lt;built-in method get of dict object at 0x038CA668&gt;(&apos;post&apos;)
 +            where &lt;built-in method get of dict object at 0x038CA668&gt; = {&apos;/{id}&apos;: {&apos;delete&apos;: {&apos;description&apos;: &apos;Exclui um grupo por ID&apos;, &apos;responses&apos;: {200: {&apos;body&apos;: {&apos;application/json&apos;: &apos;Group...horization Required&quot;}\n&apos;}}, 404: {&apos;body&apos;: {&apos;application/json&apos;: &apos;{&quot;error&quot;: &quot;Not Found&quot;}\n&apos;}}}, &apos;securedBy&apos;: &apos;JWT&apos;}, ...}.get
 +              where {&apos;/{id}&apos;: {&apos;delete&apos;: {&apos;description&apos;: &apos;Exclui um grupo por ID&apos;, &apos;responses&apos;: {200: {&apos;body&apos;: {&apos;application/json&apos;: &apos;Group...horization Required&quot;}\n&apos;}}, 404: {&apos;body&apos;: {&apos;application/json&apos;: &apos;{&quot;error&quot;: &quot;Not Found&quot;}\n&apos;}}}, &apos;securedBy&apos;: &apos;JWT&apos;}, ...} = &lt;built-in method get of dict object at 0x03972C80&gt;(&apos;/groups&apos;)
 +                where &lt;built-in method get of dict object at 0x03972C80&gt; = {&apos;/agents&apos;: {&apos;/{id}&apos;: {&apos;delete&apos;: {&apos;description&apos;: &apos;Exclui um agent por ID&apos;, &apos;responses&apos;: {200: {&apos;body&apos;: {...}}, 401: {&apos;...orization Required&quot;}\n&apos;}}, 404: {&apos;body&apos;: {&apos;application/json&apos;: &apos;{&quot;error&quot;: &quot;Not Found&quot;}\n&apos;}}}, &apos;securedBy&apos;: &apos;JWT&apos;}}, ...}.get">E   assert None
     +  where None = &lt;built-in method get of dict object at 0x038CAC30&gt;(&apos;application/json&apos;)
     +    where &lt;built-in method get of dict object at 0x038CAC30&gt; = {&apos;type&apos;: &apos;Group&apos;}.get
     +      where {&apos;type&apos;: &apos;Group&apos;} = &lt;built-in method get of dict object at 0x038CDA50&gt;(&apos;body&apos;)
     +        where &lt;built-in method get of dict object at 0x038CDA50&gt; = {&apos;body&apos;: {&apos;type&apos;: &apos;Group&apos;}, &apos;description&apos;: &apos;Cria um novo grupo&apos;, &apos;responses&apos;: {201: {&apos;body&apos;: {&apos;application/json&apos;: &apos;Gro...: &quot;Authorization Required&quot;}\n&apos;}}, 404: {&apos;body&apos;: {&apos;application/json&apos;: &apos;{&quot;error&quot;: &quot;Not Found&quot;}\n&apos;}}}, &apos;securedBy&apos;: &apos;JWT&apos;}.get
     +          where {&apos;body&apos;: {&apos;type&apos;: &apos;Group&apos;}, &apos;description&apos;: &apos;Cria um novo grupo&apos;, &apos;responses&apos;: {201: {&apos;body&apos;: {&apos;application/json&apos;: &apos;Gro...: &quot;Authorization Required&quot;}\n&apos;}}, 404: {&apos;body&apos;: {&apos;application/json&apos;: &apos;{&quot;error&quot;: &quot;Not Found&quot;}\n&apos;}}}, &apos;securedBy&apos;: &apos;JWT&apos;} = &lt;built-in method get of dict object at 0x038CA668&gt;(&apos;post&apos;)
     +            where &lt;built-in method get of dict object at 0x038CA668&gt; = {&apos;/{id}&apos;: {&apos;delete&apos;: {&apos;description&apos;: &apos;Exclui um grupo por ID&apos;, &apos;responses&apos;: {200: {&apos;body&apos;: {&apos;application/json&apos;: &apos;Group...horization Required&quot;}\n&apos;}}, 404: {&apos;body&apos;: {&apos;application/json&apos;: &apos;{&quot;error&quot;: &quot;Not Found&quot;}\n&apos;}}}, &apos;securedBy&apos;: &apos;JWT&apos;}, ...}.get
     +              where {&apos;/{id}&apos;: {&apos;delete&apos;: {&apos;description&apos;: &apos;Exclui um grupo por ID&apos;, &apos;responses&apos;: {200: {&apos;body&apos;: {&apos;application/json&apos;: &apos;Group...horization Required&quot;}\n&apos;}}, 404: {&apos;body&apos;: {&apos;application/json&apos;: &apos;{&quot;error&quot;: &quot;Not Found&quot;}\n&apos;}}}, &apos;securedBy&apos;: &apos;JWT&apos;}, ...} = &lt;built-in method get of dict object at 0x03972C80&gt;(&apos;/groups&apos;)
     +                where &lt;built-in method get of dict object at 0x03972C80&gt; = {&apos;/agents&apos;: {&apos;/{id}&apos;: {&apos;delete&apos;: {&apos;description&apos;: &apos;Exclui um agent por ID&apos;, &apos;responses&apos;: {200: {&apos;body&apos;: {...}}, 401: {&apos;...orization Required&quot;}\n&apos;}}, 404: {&apos;body&apos;: {&apos;application/json&apos;: &apos;{&quot;error&quot;: &quot;Not Found&quot;}\n&apos;}}}, &apos;securedBy&apos;: &apos;JWT&apos;}}, ...}.get</failure></testcase><testcase classname="test_submit" file="test_submit.py" line="788" name="test_2865" time="0.0009975433349609375"><failure message="AttributeError: &apos;NoneType&apos; object has no attribute &apos;get&apos;">E   AttributeError: &apos;NoneType&apos; object has no attribute &apos;get&apos;</failure></testcase><testcase classname="test_submit" file="test_submit.py" line="792" name="test_2380" time="0.0019998550415039062"><failure message="AttributeError: &apos;NoneType&apos; object has no attribute &apos;get&apos;">E   AttributeError: &apos;NoneType&apos; object has no attribute &apos;get&apos;</failure></testcase><testcase classname="test_submit" file="test_submit.py" line="796" name="test_1538" time="0.0009989738464355469"></testcase><testcase classname="test_submit" file="test_submit.py" line="800" name="test_2705" time="0.0"></testcase><testcase classname="test_submit" file="test_submit.py" line="804" name="test_2145" time="0.0009984970092773438"></testcase><testcase classname="test_submit" file="test_submit.py" line="808" name="test_2040" time="0.0"></testcase><testcase classname="test_submit" file="test_submit.py" line="812" name="test_458" time="0.0"></testcase><testcase classname="test_submit" file="test_submit.py" line="816" name="test_1046" time="0.0"></testcase><testcase classname="test_submit" file="test_submit.py" line="820" name="test_1457" time="0.0"></testcase><testcase classname="test_submit" file="test_submit.py" line="824" name="test_1757" time="0.0010008811950683594"></testcase><testcase classname="test_submit" file="test_submit.py" line="828" name="test_2900" time="0.0030007362365722656"></testcase><testcase classname="test_submit" file="test_submit.py" line="832" name="test_2710" time="0.0"></testcase><testcase classname="test_submit" file="test_submit.py" line="836" name="test_2070" time="0.00099945068359375"></testcase><testcase classname="test_submit" file="test_submit.py" line="840" name="test_2970" time="0.0009987354278564453"></testcase><testcase classname="test_submit" file="test_submit.py" line="844" name="test_80" time="0.0009992122650146484"></testcase><testcase classname="test_submit" file="test_submit.py" line="848" name="test_1835" time="0.0"></testcase><testcase classname="test_submit" file="test_submit.py" line="852" name="test_2680" time="0.0029985904693603516"></testcase><testcase classname="test_submit" file="test_submit.py" line="856" name="test_2565" time="0.0"></testcase><testcase classname="test_submit" file="test_submit.py" line="860" name="test_2080" time="0.001999378204345703"></testcase><testcase classname="test_submit" file="test_submit.py" line="864" name="test_2120" time="0.000997304916381836"></testcase><testcase classname="test_submit" file="test_submit.py" line="868" name="test_2250" time="0.0"></testcase><testcase classname="test_submit" file="test_submit.py" line="872" name="test_2270" time="0.0019998550415039062"></testcase><testcase classname="test_submit" file="test_submit.py" line="876" name="test_1904" time="0.0010030269622802734"></testcase><testcase classname="test_submit" file="test_submit.py" line="880" name="test_2130" time="0.001001119613647461"></testcase><testcase classname="test_submit" file="test_submit.py" line="884" name="test_2630" time="0.0010004043579101562"></testcase><testcase classname="test_submit" file="test_submit.py" line="888" name="test_2525" time="0.0019991397857666016"></testcase><testcase classname="test_submit" file="test_submit.py" line="892" name="test_2405" time="0.00099945068359375"></testcase><testcase classname="test_submit" file="test_submit.py" line="896" name="test_2255" time="0.0009989738464355469"></testcase><testcase classname="test_submit" file="test_submit.py" line="900" name="test_1577" time="0.0"></testcase><testcase classname="test_submit" file="test_submit.py" line="904" name="test_2090" time="0.0"></testcase><testcase classname="test_submit" file="test_submit.py" line="908" name="test_2960" time="0.0009996891021728516"></testcase><testcase classname="test_submit" file="test_submit.py" line="912" name="test_2260" time="0.0009932518005371094"></testcase></testsuite>